2023-07-03 10:00:57,037 - [ERROR] - Internal Server Error: /news/ru/ - C:\Users\user\Projects\Django_New_Portal_task_D14_Shashkov\venv\Lib\site-packages\django\utils\log.py - (<class 'django.template.exceptions.TemplateDoesNotExist'>, TemplateDoesNotExist('rus.html'), <traceback object at 0x000002952E4F5100>) 
Traceback (most recent call last):
  File "C:\Users\user\Projects\Django_New_Portal_task_D14_Shashkov\venv\Lib\site-packages\django\core\handlers\exception.py", line 55, in inner
    response = get_response(request)
               ^^^^^^^^^^^^^^^^^^^^^
  File "C:\Users\user\Projects\Django_New_Portal_task_D14_Shashkov\venv\Lib\site-packages\django\core\handlers\base.py", line 197, in _get_response
    response = wrapped_callback(request, *callback_args, **callback_kwargs)
               ^^^^^^^^^^^^^^^^^^^^^^^^^^^^^^^^^^^^^^^^^^^^^^^^^^^^^^^^^^^^
  File "C:\Users\user\Projects\Django_New_Portal_task_D14_Shashkov\venv\Lib\site-packages\django\views\generic\base.py", line 104, in view
    return self.dispatch(request, *args, **kwargs)
           ^^^^^^^^^^^^^^^^^^^^^^^^^^^^^^^^^^^^^^^
  File "C:\Users\user\Projects\Django_New_Portal_task_D14_Shashkov\venv\Lib\site-packages\django\views\generic\base.py", line 143, in dispatch
    return handler(request, *args, **kwargs)
           ^^^^^^^^^^^^^^^^^^^^^^^^^^^^^^^^^
  File "C:\Users\user\Projects\Django_New_Portal_task_D14_Shashkov\project\news\views.py", line 25, in get
    return HttpResponse(render(request, 'rus.html', context))
                        ^^^^^^^^^^^^^^^^^^^^^^^^^^^^^^^^^^^^
  File "C:\Users\user\Projects\Django_New_Portal_task_D14_Shashkov\venv\Lib\site-packages\django\shortcuts.py", line 24, in render
    content = loader.render_to_string(template_name, context, request, using=using)
              ^^^^^^^^^^^^^^^^^^^^^^^^^^^^^^^^^^^^^^^^^^^^^^^^^^^^^^^^^^^^^^^^^^^^^
  File "C:\Users\user\Projects\Django_New_Portal_task_D14_Shashkov\venv\Lib\site-packages\django\template\loader.py", line 61, in render_to_string
    template = get_template(template_name, using=using)
               ^^^^^^^^^^^^^^^^^^^^^^^^^^^^^^^^^^^^^^^^
  File "C:\Users\user\Projects\Django_New_Portal_task_D14_Shashkov\venv\Lib\site-packages\django\template\loader.py", line 19, in get_template
    raise TemplateDoesNotExist(template_name, chain=chain)
django.template.exceptions.TemplateDoesNotExist: rus.html
2023-07-03 10:00:57,042 - [ERROR] - "GET /news/ru/ HTTP/1.1" 500 98011 - C:\Users\user\Projects\Django_New_Portal_task_D14_Shashkov\venv\Lib\site-packages\django\core\servers\basehttp.py - None 
2023-07-03 10:00:57,800 - [ERROR] - Internal Server Error: /news/ru/ - C:\Users\user\Projects\Django_New_Portal_task_D14_Shashkov\venv\Lib\site-packages\django\utils\log.py - (<class 'django.template.exceptions.TemplateDoesNotExist'>, TemplateDoesNotExist('rus.html'), <traceback object at 0x000002952E7227C0>) 
Traceback (most recent call last):
  File "C:\Users\user\Projects\Django_New_Portal_task_D14_Shashkov\venv\Lib\site-packages\django\core\handlers\exception.py", line 55, in inner
    response = get_response(request)
               ^^^^^^^^^^^^^^^^^^^^^
  File "C:\Users\user\Projects\Django_New_Portal_task_D14_Shashkov\venv\Lib\site-packages\django\core\handlers\base.py", line 197, in _get_response
    response = wrapped_callback(request, *callback_args, **callback_kwargs)
               ^^^^^^^^^^^^^^^^^^^^^^^^^^^^^^^^^^^^^^^^^^^^^^^^^^^^^^^^^^^^
  File "C:\Users\user\Projects\Django_New_Portal_task_D14_Shashkov\venv\Lib\site-packages\django\views\generic\base.py", line 104, in view
    return self.dispatch(request, *args, **kwargs)
           ^^^^^^^^^^^^^^^^^^^^^^^^^^^^^^^^^^^^^^^
  File "C:\Users\user\Projects\Django_New_Portal_task_D14_Shashkov\venv\Lib\site-packages\django\views\generic\base.py", line 143, in dispatch
    return handler(request, *args, **kwargs)
           ^^^^^^^^^^^^^^^^^^^^^^^^^^^^^^^^^
  File "C:\Users\user\Projects\Django_New_Portal_task_D14_Shashkov\project\news\views.py", line 25, in get
    return HttpResponse(render(request, 'rus.html', context))
                        ^^^^^^^^^^^^^^^^^^^^^^^^^^^^^^^^^^^^
  File "C:\Users\user\Projects\Django_New_Portal_task_D14_Shashkov\venv\Lib\site-packages\django\shortcuts.py", line 24, in render
    content = loader.render_to_string(template_name, context, request, using=using)
              ^^^^^^^^^^^^^^^^^^^^^^^^^^^^^^^^^^^^^^^^^^^^^^^^^^^^^^^^^^^^^^^^^^^^^
  File "C:\Users\user\Projects\Django_New_Portal_task_D14_Shashkov\venv\Lib\site-packages\django\template\loader.py", line 61, in render_to_string
    template = get_template(template_name, using=using)
               ^^^^^^^^^^^^^^^^^^^^^^^^^^^^^^^^^^^^^^^^
  File "C:\Users\user\Projects\Django_New_Portal_task_D14_Shashkov\venv\Lib\site-packages\django\template\loader.py", line 19, in get_template
    raise TemplateDoesNotExist(template_name, chain=chain)
django.template.exceptions.TemplateDoesNotExist: rus.html
2023-07-03 10:00:57,803 - [ERROR] - "GET /news/ru/ HTTP/1.1" 500 98011 - C:\Users\user\Projects\Django_New_Portal_task_D14_Shashkov\venv\Lib\site-packages\django\core\servers\basehttp.py - None 
2023-07-03 16:31:53,169 - [ERROR] - Internal Server Error: /news/create/ - C:\Users\user\Projects\Django_New_Portal_task_D14_Shashkov\venv\Lib\site-packages\django\utils\log.py - (<class 'django.template.exceptions.TemplateSyntaxError'>, TemplateSyntaxError("Invalid block tag on line 10: 'trans', expected 'endblock'. Did you forget to register or load this tag?"), <traceback object at 0x0000023A63F2A100>) 
Traceback (most recent call last):
  File "C:\Users\user\Projects\Django_New_Portal_task_D14_Shashkov\venv\Lib\site-packages\django\template\base.py", line 505, in parse
    compile_func = self.tags[command]
                   ~~~~~~~~~^^^^^^^^^
KeyError: 'trans'

During handling of the above exception, another exception occurred:

Traceback (most recent call last):
  File "C:\Users\user\Projects\Django_New_Portal_task_D14_Shashkov\venv\Lib\site-packages\django\core\handlers\exception.py", line 55, in inner
    response = get_response(request)
               ^^^^^^^^^^^^^^^^^^^^^
  File "C:\Users\user\Projects\Django_New_Portal_task_D14_Shashkov\venv\Lib\site-packages\django\core\handlers\base.py", line 220, in _get_response
    response = response.render()
               ^^^^^^^^^^^^^^^^^
  File "C:\Users\user\Projects\Django_New_Portal_task_D14_Shashkov\venv\Lib\site-packages\django\template\response.py", line 111, in render
    self.content = self.rendered_content
                   ^^^^^^^^^^^^^^^^^^^^^
  File "C:\Users\user\Projects\Django_New_Portal_task_D14_Shashkov\venv\Lib\site-packages\django\template\response.py", line 87, in rendered_content
    template = self.resolve_template(self.template_name)
               ^^^^^^^^^^^^^^^^^^^^^^^^^^^^^^^^^^^^^^^^^
  File "C:\Users\user\Projects\Django_New_Portal_task_D14_Shashkov\venv\Lib\site-packages\django\template\response.py", line 69, in resolve_template
    return select_template(template, using=self.using)
           ^^^^^^^^^^^^^^^^^^^^^^^^^^^^^^^^^^^^^^^^^^^
  File "C:\Users\user\Projects\Django_New_Portal_task_D14_Shashkov\venv\Lib\site-packages\django\template\loader.py", line 42, in select_template
    return engine.get_template(template_name)
           ^^^^^^^^^^^^^^^^^^^^^^^^^^^^^^^^^^
  File "C:\Users\user\Projects\Django_New_Portal_task_D14_Shashkov\venv\Lib\site-packages\django\template\backends\django.py", line 33, in get_template
    return Template(self.engine.get_template(template_name), self)
                    ^^^^^^^^^^^^^^^^^^^^^^^^^^^^^^^^^^^^^^^
  File "C:\Users\user\Projects\Django_New_Portal_task_D14_Shashkov\venv\Lib\site-packages\django\template\engine.py", line 175, in get_template
    template, origin = self.find_template(template_name)
                       ^^^^^^^^^^^^^^^^^^^^^^^^^^^^^^^^^
  File "C:\Users\user\Projects\Django_New_Portal_task_D14_Shashkov\venv\Lib\site-packages\django\template\engine.py", line 157, in find_template
    template = loader.get_template(name, skip=skip)
               ^^^^^^^^^^^^^^^^^^^^^^^^^^^^^^^^^^^^
  File "C:\Users\user\Projects\Django_New_Portal_task_D14_Shashkov\venv\Lib\site-packages\django\template\loaders\cached.py", line 57, in get_template
    template = super().get_template(template_name, skip)
               ^^^^^^^^^^^^^^^^^^^^^^^^^^^^^^^^^^^^^^^^^
  File "C:\Users\user\Projects\Django_New_Portal_task_D14_Shashkov\venv\Lib\site-packages\django\template\loaders\base.py", line 28, in get_template
    return Template(
           ^^^^^^^^^
  File "C:\Users\user\Projects\Django_New_Portal_task_D14_Shashkov\venv\Lib\site-packages\django\template\base.py", line 154, in __init__
    self.nodelist = self.compile_nodelist()
                    ^^^^^^^^^^^^^^^^^^^^^^^
  File "C:\Users\user\Projects\Django_New_Portal_task_D14_Shashkov\venv\Lib\site-packages\django\template\base.py", line 200, in compile_nodelist
    return parser.parse()
           ^^^^^^^^^^^^^^
  File "C:\Users\user\Projects\Django_New_Portal_task_D14_Shashkov\venv\Lib\site-packages\django\template\base.py", line 513, in parse
    raise self.error(token, e)
  File "C:\Users\user\Projects\Django_New_Portal_task_D14_Shashkov\venv\Lib\site-packages\django\template\base.py", line 511, in parse
    compiled_result = compile_func(self, token)
                      ^^^^^^^^^^^^^^^^^^^^^^^^^
  File "C:\Users\user\Projects\Django_New_Portal_task_D14_Shashkov\venv\Lib\site-packages\django\template\loader_tags.py", line 293, in do_extends
    nodelist = parser.parse()
               ^^^^^^^^^^^^^^
  File "C:\Users\user\Projects\Django_New_Portal_task_D14_Shashkov\venv\Lib\site-packages\django\template\base.py", line 513, in parse
    raise self.error(token, e)
  File "C:\Users\user\Projects\Django_New_Portal_task_D14_Shashkov\venv\Lib\site-packages\django\template\base.py", line 511, in parse
    compiled_result = compile_func(self, token)
                      ^^^^^^^^^^^^^^^^^^^^^^^^^
  File "C:\Users\user\Projects\Django_New_Portal_task_D14_Shashkov\venv\Lib\site-packages\django\template\loader_tags.py", line 232, in do_block
    nodelist = parser.parse(("endblock",))
               ^^^^^^^^^^^^^^^^^^^^^^^^^^^
  File "C:\Users\user\Projects\Django_New_Portal_task_D14_Shashkov\venv\Lib\site-packages\django\template\base.py", line 507, in parse
    self.invalid_block_tag(token, command, parse_until)
  File "C:\Users\user\Projects\Django_New_Portal_task_D14_Shashkov\venv\Lib\site-packages\django\template\base.py", line 558, in invalid_block_tag
    raise self.error(
django.template.exceptions.TemplateSyntaxError: Invalid block tag on line 10: 'trans', expected 'endblock'. Did you forget to register or load this tag?
2023-07-03 16:31:53,177 - [ERROR] - "GET /news/create/ HTTP/1.1" 500 181259 - C:\Users\user\Projects\Django_New_Portal_task_D14_Shashkov\venv\Lib\site-packages\django\core\servers\basehttp.py - None 
2023-07-03 16:32:13,119 - [ERROR] - Internal Server Error: /news/create/ - C:\Users\user\Projects\Django_New_Portal_task_D14_Shashkov\venv\Lib\site-packages\django\utils\log.py - (<class 'django.template.exceptions.TemplateSyntaxError'>, TemplateSyntaxError("Invalid block tag on line 10: 'trans', expected 'endblock'. Did you forget to register or load this tag?"), <traceback object at 0x0000023A6418F640>) 
Traceback (most recent call last):
  File "C:\Users\user\Projects\Django_New_Portal_task_D14_Shashkov\venv\Lib\site-packages\django\template\base.py", line 505, in parse
    compile_func = self.tags[command]
                   ~~~~~~~~~^^^^^^^^^
KeyError: 'trans'

During handling of the above exception, another exception occurred:

Traceback (most recent call last):
  File "C:\Users\user\Projects\Django_New_Portal_task_D14_Shashkov\venv\Lib\site-packages\django\core\handlers\exception.py", line 55, in inner
    response = get_response(request)
               ^^^^^^^^^^^^^^^^^^^^^
  File "C:\Users\user\Projects\Django_New_Portal_task_D14_Shashkov\venv\Lib\site-packages\django\core\handlers\base.py", line 220, in _get_response
    response = response.render()
               ^^^^^^^^^^^^^^^^^
  File "C:\Users\user\Projects\Django_New_Portal_task_D14_Shashkov\venv\Lib\site-packages\django\template\response.py", line 111, in render
    self.content = self.rendered_content
                   ^^^^^^^^^^^^^^^^^^^^^
  File "C:\Users\user\Projects\Django_New_Portal_task_D14_Shashkov\venv\Lib\site-packages\django\template\response.py", line 87, in rendered_content
    template = self.resolve_template(self.template_name)
               ^^^^^^^^^^^^^^^^^^^^^^^^^^^^^^^^^^^^^^^^^
  File "C:\Users\user\Projects\Django_New_Portal_task_D14_Shashkov\venv\Lib\site-packages\django\template\response.py", line 69, in resolve_template
    return select_template(template, using=self.using)
           ^^^^^^^^^^^^^^^^^^^^^^^^^^^^^^^^^^^^^^^^^^^
  File "C:\Users\user\Projects\Django_New_Portal_task_D14_Shashkov\venv\Lib\site-packages\django\template\loader.py", line 42, in select_template
    return engine.get_template(template_name)
           ^^^^^^^^^^^^^^^^^^^^^^^^^^^^^^^^^^
  File "C:\Users\user\Projects\Django_New_Portal_task_D14_Shashkov\venv\Lib\site-packages\django\template\backends\django.py", line 33, in get_template
    return Template(self.engine.get_template(template_name), self)
                    ^^^^^^^^^^^^^^^^^^^^^^^^^^^^^^^^^^^^^^^
  File "C:\Users\user\Projects\Django_New_Portal_task_D14_Shashkov\venv\Lib\site-packages\django\template\engine.py", line 175, in get_template
    template, origin = self.find_template(template_name)
                       ^^^^^^^^^^^^^^^^^^^^^^^^^^^^^^^^^
  File "C:\Users\user\Projects\Django_New_Portal_task_D14_Shashkov\venv\Lib\site-packages\django\template\engine.py", line 157, in find_template
    template = loader.get_template(name, skip=skip)
               ^^^^^^^^^^^^^^^^^^^^^^^^^^^^^^^^^^^^
  File "C:\Users\user\Projects\Django_New_Portal_task_D14_Shashkov\venv\Lib\site-packages\django\template\loaders\cached.py", line 57, in get_template
    template = super().get_template(template_name, skip)
               ^^^^^^^^^^^^^^^^^^^^^^^^^^^^^^^^^^^^^^^^^
  File "C:\Users\user\Projects\Django_New_Portal_task_D14_Shashkov\venv\Lib\site-packages\django\template\loaders\base.py", line 28, in get_template
    return Template(
           ^^^^^^^^^
  File "C:\Users\user\Projects\Django_New_Portal_task_D14_Shashkov\venv\Lib\site-packages\django\template\base.py", line 154, in __init__
    self.nodelist = self.compile_nodelist()
                    ^^^^^^^^^^^^^^^^^^^^^^^
  File "C:\Users\user\Projects\Django_New_Portal_task_D14_Shashkov\venv\Lib\site-packages\django\template\base.py", line 200, in compile_nodelist
    return parser.parse()
           ^^^^^^^^^^^^^^
  File "C:\Users\user\Projects\Django_New_Portal_task_D14_Shashkov\venv\Lib\site-packages\django\template\base.py", line 513, in parse
    raise self.error(token, e)
  File "C:\Users\user\Projects\Django_New_Portal_task_D14_Shashkov\venv\Lib\site-packages\django\template\base.py", line 511, in parse
    compiled_result = compile_func(self, token)
                      ^^^^^^^^^^^^^^^^^^^^^^^^^
  File "C:\Users\user\Projects\Django_New_Portal_task_D14_Shashkov\venv\Lib\site-packages\django\template\loader_tags.py", line 293, in do_extends
    nodelist = parser.parse()
               ^^^^^^^^^^^^^^
  File "C:\Users\user\Projects\Django_New_Portal_task_D14_Shashkov\venv\Lib\site-packages\django\template\base.py", line 513, in parse
    raise self.error(token, e)
  File "C:\Users\user\Projects\Django_New_Portal_task_D14_Shashkov\venv\Lib\site-packages\django\template\base.py", line 511, in parse
    compiled_result = compile_func(self, token)
                      ^^^^^^^^^^^^^^^^^^^^^^^^^
  File "C:\Users\user\Projects\Django_New_Portal_task_D14_Shashkov\venv\Lib\site-packages\django\template\loader_tags.py", line 232, in do_block
    nodelist = parser.parse(("endblock",))
               ^^^^^^^^^^^^^^^^^^^^^^^^^^^
  File "C:\Users\user\Projects\Django_New_Portal_task_D14_Shashkov\venv\Lib\site-packages\django\template\base.py", line 507, in parse
    self.invalid_block_tag(token, command, parse_until)
  File "C:\Users\user\Projects\Django_New_Portal_task_D14_Shashkov\venv\Lib\site-packages\django\template\base.py", line 558, in invalid_block_tag
    raise self.error(
django.template.exceptions.TemplateSyntaxError: Invalid block tag on line 10: 'trans', expected 'endblock'. Did you forget to register or load this tag?
2023-07-03 16:32:13,123 - [ERROR] - "GET /news/create/ HTTP/1.1" 500 181122 - C:\Users\user\Projects\Django_New_Portal_task_D14_Shashkov\venv\Lib\site-packages\django\core\servers\basehttp.py - None 
2023-07-03 16:33:52,354 - [ERROR] - Internal Server Error: /news/create/ - C:\Users\user\Projects\Django_New_Portal_task_D14_Shashkov\venv\Lib\site-packages\django\utils\log.py - (<class 'django.template.exceptions.TemplateSyntaxError'>, TemplateSyntaxError("Invalid block tag on line 10: 'trans', expected 'endblock'. Did you forget to register or load this tag?"), <traceback object at 0x0000023A641A7200>) 
Traceback (most recent call last):
  File "C:\Users\user\Projects\Django_New_Portal_task_D14_Shashkov\venv\Lib\site-packages\django\template\base.py", line 505, in parse
    compile_func = self.tags[command]
                   ~~~~~~~~~^^^^^^^^^
KeyError: 'trans'

During handling of the above exception, another exception occurred:

Traceback (most recent call last):
  File "C:\Users\user\Projects\Django_New_Portal_task_D14_Shashkov\venv\Lib\site-packages\django\core\handlers\exception.py", line 55, in inner
    response = get_response(request)
               ^^^^^^^^^^^^^^^^^^^^^
  File "C:\Users\user\Projects\Django_New_Portal_task_D14_Shashkov\venv\Lib\site-packages\django\core\handlers\base.py", line 220, in _get_response
    response = response.render()
               ^^^^^^^^^^^^^^^^^
  File "C:\Users\user\Projects\Django_New_Portal_task_D14_Shashkov\venv\Lib\site-packages\django\template\response.py", line 111, in render
    self.content = self.rendered_content
                   ^^^^^^^^^^^^^^^^^^^^^
  File "C:\Users\user\Projects\Django_New_Portal_task_D14_Shashkov\venv\Lib\site-packages\django\template\response.py", line 87, in rendered_content
    template = self.resolve_template(self.template_name)
               ^^^^^^^^^^^^^^^^^^^^^^^^^^^^^^^^^^^^^^^^^
  File "C:\Users\user\Projects\Django_New_Portal_task_D14_Shashkov\venv\Lib\site-packages\django\template\response.py", line 69, in resolve_template
    return select_template(template, using=self.using)
           ^^^^^^^^^^^^^^^^^^^^^^^^^^^^^^^^^^^^^^^^^^^
  File "C:\Users\user\Projects\Django_New_Portal_task_D14_Shashkov\venv\Lib\site-packages\django\template\loader.py", line 42, in select_template
    return engine.get_template(template_name)
           ^^^^^^^^^^^^^^^^^^^^^^^^^^^^^^^^^^
  File "C:\Users\user\Projects\Django_New_Portal_task_D14_Shashkov\venv\Lib\site-packages\django\template\backends\django.py", line 33, in get_template
    return Template(self.engine.get_template(template_name), self)
                    ^^^^^^^^^^^^^^^^^^^^^^^^^^^^^^^^^^^^^^^
  File "C:\Users\user\Projects\Django_New_Portal_task_D14_Shashkov\venv\Lib\site-packages\django\template\engine.py", line 175, in get_template
    template, origin = self.find_template(template_name)
                       ^^^^^^^^^^^^^^^^^^^^^^^^^^^^^^^^^
  File "C:\Users\user\Projects\Django_New_Portal_task_D14_Shashkov\venv\Lib\site-packages\django\template\engine.py", line 157, in find_template
    template = loader.get_template(name, skip=skip)
               ^^^^^^^^^^^^^^^^^^^^^^^^^^^^^^^^^^^^
  File "C:\Users\user\Projects\Django_New_Portal_task_D14_Shashkov\venv\Lib\site-packages\django\template\loaders\cached.py", line 57, in get_template
    template = super().get_template(template_name, skip)
               ^^^^^^^^^^^^^^^^^^^^^^^^^^^^^^^^^^^^^^^^^
  File "C:\Users\user\Projects\Django_New_Portal_task_D14_Shashkov\venv\Lib\site-packages\django\template\loaders\base.py", line 28, in get_template
    return Template(
           ^^^^^^^^^
  File "C:\Users\user\Projects\Django_New_Portal_task_D14_Shashkov\venv\Lib\site-packages\django\template\base.py", line 154, in __init__
    self.nodelist = self.compile_nodelist()
                    ^^^^^^^^^^^^^^^^^^^^^^^
  File "C:\Users\user\Projects\Django_New_Portal_task_D14_Shashkov\venv\Lib\site-packages\django\template\base.py", line 200, in compile_nodelist
    return parser.parse()
           ^^^^^^^^^^^^^^
  File "C:\Users\user\Projects\Django_New_Portal_task_D14_Shashkov\venv\Lib\site-packages\django\template\base.py", line 513, in parse
    raise self.error(token, e)
  File "C:\Users\user\Projects\Django_New_Portal_task_D14_Shashkov\venv\Lib\site-packages\django\template\base.py", line 511, in parse
    compiled_result = compile_func(self, token)
                      ^^^^^^^^^^^^^^^^^^^^^^^^^
  File "C:\Users\user\Projects\Django_New_Portal_task_D14_Shashkov\venv\Lib\site-packages\django\template\loader_tags.py", line 293, in do_extends
    nodelist = parser.parse()
               ^^^^^^^^^^^^^^
  File "C:\Users\user\Projects\Django_New_Portal_task_D14_Shashkov\venv\Lib\site-packages\django\template\base.py", line 513, in parse
    raise self.error(token, e)
  File "C:\Users\user\Projects\Django_New_Portal_task_D14_Shashkov\venv\Lib\site-packages\django\template\base.py", line 511, in parse
    compiled_result = compile_func(self, token)
                      ^^^^^^^^^^^^^^^^^^^^^^^^^
  File "C:\Users\user\Projects\Django_New_Portal_task_D14_Shashkov\venv\Lib\site-packages\django\template\loader_tags.py", line 232, in do_block
    nodelist = parser.parse(("endblock",))
               ^^^^^^^^^^^^^^^^^^^^^^^^^^^
  File "C:\Users\user\Projects\Django_New_Portal_task_D14_Shashkov\venv\Lib\site-packages\django\template\base.py", line 507, in parse
    self.invalid_block_tag(token, command, parse_until)
  File "C:\Users\user\Projects\Django_New_Portal_task_D14_Shashkov\venv\Lib\site-packages\django\template\base.py", line 558, in invalid_block_tag
    raise self.error(
django.template.exceptions.TemplateSyntaxError: Invalid block tag on line 10: 'trans', expected 'endblock'. Did you forget to register or load this tag?
2023-07-03 16:33:52,358 - [ERROR] - "GET /news/create/ HTTP/1.1" 500 181122 - C:\Users\user\Projects\Django_New_Portal_task_D14_Shashkov\venv\Lib\site-packages\django\core\servers\basehttp.py - None 
2023-07-03 16:36:20,969 - [ERROR] - Internal Server Error: /news/create/ - C:\Users\user\Projects\Django_New_Portal_task_D14_Shashkov\venv\Lib\site-packages\django\utils\log.py - (<class 'django.template.exceptions.TemplateSyntaxError'>, TemplateSyntaxError("'block' tag with name 'title' appears more than once"), <traceback object at 0x0000023A641A7700>) 
Traceback (most recent call last):
  File "C:\Users\user\Projects\Django_New_Portal_task_D14_Shashkov\venv\Lib\site-packages\django\core\handlers\exception.py", line 55, in inner
    response = get_response(request)
               ^^^^^^^^^^^^^^^^^^^^^
  File "C:\Users\user\Projects\Django_New_Portal_task_D14_Shashkov\venv\Lib\site-packages\django\core\handlers\base.py", line 220, in _get_response
    response = response.render()
               ^^^^^^^^^^^^^^^^^
  File "C:\Users\user\Projects\Django_New_Portal_task_D14_Shashkov\venv\Lib\site-packages\django\template\response.py", line 111, in render
    self.content = self.rendered_content
                   ^^^^^^^^^^^^^^^^^^^^^
  File "C:\Users\user\Projects\Django_New_Portal_task_D14_Shashkov\venv\Lib\site-packages\django\template\response.py", line 87, in rendered_content
    template = self.resolve_template(self.template_name)
               ^^^^^^^^^^^^^^^^^^^^^^^^^^^^^^^^^^^^^^^^^
  File "C:\Users\user\Projects\Django_New_Portal_task_D14_Shashkov\venv\Lib\site-packages\django\template\response.py", line 69, in resolve_template
    return select_template(template, using=self.using)
           ^^^^^^^^^^^^^^^^^^^^^^^^^^^^^^^^^^^^^^^^^^^
  File "C:\Users\user\Projects\Django_New_Portal_task_D14_Shashkov\venv\Lib\site-packages\django\template\loader.py", line 42, in select_template
    return engine.get_template(template_name)
           ^^^^^^^^^^^^^^^^^^^^^^^^^^^^^^^^^^
  File "C:\Users\user\Projects\Django_New_Portal_task_D14_Shashkov\venv\Lib\site-packages\django\template\backends\django.py", line 33, in get_template
    return Template(self.engine.get_template(template_name), self)
                    ^^^^^^^^^^^^^^^^^^^^^^^^^^^^^^^^^^^^^^^
  File "C:\Users\user\Projects\Django_New_Portal_task_D14_Shashkov\venv\Lib\site-packages\django\template\engine.py", line 175, in get_template
    template, origin = self.find_template(template_name)
                       ^^^^^^^^^^^^^^^^^^^^^^^^^^^^^^^^^
  File "C:\Users\user\Projects\Django_New_Portal_task_D14_Shashkov\venv\Lib\site-packages\django\template\engine.py", line 157, in find_template
    template = loader.get_template(name, skip=skip)
               ^^^^^^^^^^^^^^^^^^^^^^^^^^^^^^^^^^^^
  File "C:\Users\user\Projects\Django_New_Portal_task_D14_Shashkov\venv\Lib\site-packages\django\template\loaders\cached.py", line 57, in get_template
    template = super().get_template(template_name, skip)
               ^^^^^^^^^^^^^^^^^^^^^^^^^^^^^^^^^^^^^^^^^
  File "C:\Users\user\Projects\Django_New_Portal_task_D14_Shashkov\venv\Lib\site-packages\django\template\loaders\base.py", line 28, in get_template
    return Template(
           ^^^^^^^^^
  File "C:\Users\user\Projects\Django_New_Portal_task_D14_Shashkov\venv\Lib\site-packages\django\template\base.py", line 154, in __init__
    self.nodelist = self.compile_nodelist()
                    ^^^^^^^^^^^^^^^^^^^^^^^
  File "C:\Users\user\Projects\Django_New_Portal_task_D14_Shashkov\venv\Lib\site-packages\django\template\base.py", line 200, in compile_nodelist
    return parser.parse()
           ^^^^^^^^^^^^^^
  File "C:\Users\user\Projects\Django_New_Portal_task_D14_Shashkov\venv\Lib\site-packages\django\template\base.py", line 513, in parse
    raise self.error(token, e)
  File "C:\Users\user\Projects\Django_New_Portal_task_D14_Shashkov\venv\Lib\site-packages\django\template\base.py", line 511, in parse
    compiled_result = compile_func(self, token)
                      ^^^^^^^^^^^^^^^^^^^^^^^^^
  File "C:\Users\user\Projects\Django_New_Portal_task_D14_Shashkov\venv\Lib\site-packages\django\template\loader_tags.py", line 293, in do_extends
    nodelist = parser.parse()
               ^^^^^^^^^^^^^^
  File "C:\Users\user\Projects\Django_New_Portal_task_D14_Shashkov\venv\Lib\site-packages\django\template\base.py", line 513, in parse
    raise self.error(token, e)
  File "C:\Users\user\Projects\Django_New_Portal_task_D14_Shashkov\venv\Lib\site-packages\django\template\base.py", line 511, in parse
    compiled_result = compile_func(self, token)
                      ^^^^^^^^^^^^^^^^^^^^^^^^^
  File "C:\Users\user\Projects\Django_New_Portal_task_D14_Shashkov\venv\Lib\site-packages\django\template\loader_tags.py", line 226, in do_block
    raise TemplateSyntaxError(
django.template.exceptions.TemplateSyntaxError: 'block' tag with name 'title' appears more than once
2023-07-03 16:36:20,972 - [ERROR] - "GET /news/create/ HTTP/1.1" 500 166573 - C:\Users\user\Projects\Django_New_Portal_task_D14_Shashkov\venv\Lib\site-packages\django\core\servers\basehttp.py - None 
2023-07-03 16:37:02,724 - [ERROR] - Internal Server Error: /news/create/ - C:\Users\user\Projects\Django_New_Portal_task_D14_Shashkov\venv\Lib\site-packages\django\utils\log.py - (<class 'django.template.exceptions.TemplateSyntaxError'>, TemplateSyntaxError("'block' tag with name 'title' appears more than once"), <traceback object at 0x0000023A641ADEC0>) 
Traceback (most recent call last):
  File "C:\Users\user\Projects\Django_New_Portal_task_D14_Shashkov\venv\Lib\site-packages\django\core\handlers\exception.py", line 55, in inner
    response = get_response(request)
               ^^^^^^^^^^^^^^^^^^^^^
  File "C:\Users\user\Projects\Django_New_Portal_task_D14_Shashkov\venv\Lib\site-packages\django\core\handlers\base.py", line 220, in _get_response
    response = response.render()
               ^^^^^^^^^^^^^^^^^
  File "C:\Users\user\Projects\Django_New_Portal_task_D14_Shashkov\venv\Lib\site-packages\django\template\response.py", line 111, in render
    self.content = self.rendered_content
                   ^^^^^^^^^^^^^^^^^^^^^
  File "C:\Users\user\Projects\Django_New_Portal_task_D14_Shashkov\venv\Lib\site-packages\django\template\response.py", line 87, in rendered_content
    template = self.resolve_template(self.template_name)
               ^^^^^^^^^^^^^^^^^^^^^^^^^^^^^^^^^^^^^^^^^
  File "C:\Users\user\Projects\Django_New_Portal_task_D14_Shashkov\venv\Lib\site-packages\django\template\response.py", line 69, in resolve_template
    return select_template(template, using=self.using)
           ^^^^^^^^^^^^^^^^^^^^^^^^^^^^^^^^^^^^^^^^^^^
  File "C:\Users\user\Projects\Django_New_Portal_task_D14_Shashkov\venv\Lib\site-packages\django\template\loader.py", line 42, in select_template
    return engine.get_template(template_name)
           ^^^^^^^^^^^^^^^^^^^^^^^^^^^^^^^^^^
  File "C:\Users\user\Projects\Django_New_Portal_task_D14_Shashkov\venv\Lib\site-packages\django\template\backends\django.py", line 33, in get_template
    return Template(self.engine.get_template(template_name), self)
                    ^^^^^^^^^^^^^^^^^^^^^^^^^^^^^^^^^^^^^^^
  File "C:\Users\user\Projects\Django_New_Portal_task_D14_Shashkov\venv\Lib\site-packages\django\template\engine.py", line 175, in get_template
    template, origin = self.find_template(template_name)
                       ^^^^^^^^^^^^^^^^^^^^^^^^^^^^^^^^^
  File "C:\Users\user\Projects\Django_New_Portal_task_D14_Shashkov\venv\Lib\site-packages\django\template\engine.py", line 157, in find_template
    template = loader.get_template(name, skip=skip)
               ^^^^^^^^^^^^^^^^^^^^^^^^^^^^^^^^^^^^
  File "C:\Users\user\Projects\Django_New_Portal_task_D14_Shashkov\venv\Lib\site-packages\django\template\loaders\cached.py", line 57, in get_template
    template = super().get_template(template_name, skip)
               ^^^^^^^^^^^^^^^^^^^^^^^^^^^^^^^^^^^^^^^^^
  File "C:\Users\user\Projects\Django_New_Portal_task_D14_Shashkov\venv\Lib\site-packages\django\template\loaders\base.py", line 28, in get_template
    return Template(
           ^^^^^^^^^
  File "C:\Users\user\Projects\Django_New_Portal_task_D14_Shashkov\venv\Lib\site-packages\django\template\base.py", line 154, in __init__
    self.nodelist = self.compile_nodelist()
                    ^^^^^^^^^^^^^^^^^^^^^^^
  File "C:\Users\user\Projects\Django_New_Portal_task_D14_Shashkov\venv\Lib\site-packages\django\template\base.py", line 200, in compile_nodelist
    return parser.parse()
           ^^^^^^^^^^^^^^
  File "C:\Users\user\Projects\Django_New_Portal_task_D14_Shashkov\venv\Lib\site-packages\django\template\base.py", line 513, in parse
    raise self.error(token, e)
  File "C:\Users\user\Projects\Django_New_Portal_task_D14_Shashkov\venv\Lib\site-packages\django\template\base.py", line 511, in parse
    compiled_result = compile_func(self, token)
                      ^^^^^^^^^^^^^^^^^^^^^^^^^
  File "C:\Users\user\Projects\Django_New_Portal_task_D14_Shashkov\venv\Lib\site-packages\django\template\loader_tags.py", line 293, in do_extends
    nodelist = parser.parse()
               ^^^^^^^^^^^^^^
  File "C:\Users\user\Projects\Django_New_Portal_task_D14_Shashkov\venv\Lib\site-packages\django\template\base.py", line 513, in parse
    raise self.error(token, e)
  File "C:\Users\user\Projects\Django_New_Portal_task_D14_Shashkov\venv\Lib\site-packages\django\template\base.py", line 511, in parse
    compiled_result = compile_func(self, token)
                      ^^^^^^^^^^^^^^^^^^^^^^^^^
  File "C:\Users\user\Projects\Django_New_Portal_task_D14_Shashkov\venv\Lib\site-packages\django\template\loader_tags.py", line 226, in do_block
    raise TemplateSyntaxError(
django.template.exceptions.TemplateSyntaxError: 'block' tag with name 'title' appears more than once
2023-07-03 16:37:02,728 - [ERROR] - "GET /news/create/ HTTP/1.1" 500 166664 - C:\Users\user\Projects\Django_New_Portal_task_D14_Shashkov\venv\Lib\site-packages\django\core\servers\basehttp.py - None 
2023-07-03 16:37:58,905 - [ERROR] - Internal Server Error: /news/create/ - C:\Users\user\Projects\Django_New_Portal_task_D14_Shashkov\venv\Lib\site-packages\django\utils\log.py - (<class 'django.template.exceptions.TemplateSyntaxError'>, TemplateSyntaxError("<ExtendsNode: extends 'new_portal/default.html'> must be the first tag in the template."), <traceback object at 0x0000023A6419D840>) 
Traceback (most recent call last):
  File "C:\Users\user\Projects\Django_New_Portal_task_D14_Shashkov\venv\Lib\site-packages\django\core\handlers\exception.py", line 55, in inner
    response = get_response(request)
               ^^^^^^^^^^^^^^^^^^^^^
  File "C:\Users\user\Projects\Django_New_Portal_task_D14_Shashkov\venv\Lib\site-packages\django\core\handlers\base.py", line 220, in _get_response
    response = response.render()
               ^^^^^^^^^^^^^^^^^
  File "C:\Users\user\Projects\Django_New_Portal_task_D14_Shashkov\venv\Lib\site-packages\django\template\response.py", line 111, in render
    self.content = self.rendered_content
                   ^^^^^^^^^^^^^^^^^^^^^
  File "C:\Users\user\Projects\Django_New_Portal_task_D14_Shashkov\venv\Lib\site-packages\django\template\response.py", line 87, in rendered_content
    template = self.resolve_template(self.template_name)
               ^^^^^^^^^^^^^^^^^^^^^^^^^^^^^^^^^^^^^^^^^
  File "C:\Users\user\Projects\Django_New_Portal_task_D14_Shashkov\venv\Lib\site-packages\django\template\response.py", line 69, in resolve_template
    return select_template(template, using=self.using)
           ^^^^^^^^^^^^^^^^^^^^^^^^^^^^^^^^^^^^^^^^^^^
  File "C:\Users\user\Projects\Django_New_Portal_task_D14_Shashkov\venv\Lib\site-packages\django\template\loader.py", line 42, in select_template
    return engine.get_template(template_name)
           ^^^^^^^^^^^^^^^^^^^^^^^^^^^^^^^^^^
  File "C:\Users\user\Projects\Django_New_Portal_task_D14_Shashkov\venv\Lib\site-packages\django\template\backends\django.py", line 33, in get_template
    return Template(self.engine.get_template(template_name), self)
                    ^^^^^^^^^^^^^^^^^^^^^^^^^^^^^^^^^^^^^^^
  File "C:\Users\user\Projects\Django_New_Portal_task_D14_Shashkov\venv\Lib\site-packages\django\template\engine.py", line 175, in get_template
    template, origin = self.find_template(template_name)
                       ^^^^^^^^^^^^^^^^^^^^^^^^^^^^^^^^^
  File "C:\Users\user\Projects\Django_New_Portal_task_D14_Shashkov\venv\Lib\site-packages\django\template\engine.py", line 157, in find_template
    template = loader.get_template(name, skip=skip)
               ^^^^^^^^^^^^^^^^^^^^^^^^^^^^^^^^^^^^
  File "C:\Users\user\Projects\Django_New_Portal_task_D14_Shashkov\venv\Lib\site-packages\django\template\loaders\cached.py", line 57, in get_template
    template = super().get_template(template_name, skip)
               ^^^^^^^^^^^^^^^^^^^^^^^^^^^^^^^^^^^^^^^^^
  File "C:\Users\user\Projects\Django_New_Portal_task_D14_Shashkov\venv\Lib\site-packages\django\template\loaders\base.py", line 28, in get_template
    return Template(
           ^^^^^^^^^
  File "C:\Users\user\Projects\Django_New_Portal_task_D14_Shashkov\venv\Lib\site-packages\django\template\base.py", line 154, in __init__
    self.nodelist = self.compile_nodelist()
                    ^^^^^^^^^^^^^^^^^^^^^^^
  File "C:\Users\user\Projects\Django_New_Portal_task_D14_Shashkov\venv\Lib\site-packages\django\template\base.py", line 200, in compile_nodelist
    return parser.parse()
           ^^^^^^^^^^^^^^
  File "C:\Users\user\Projects\Django_New_Portal_task_D14_Shashkov\venv\Lib\site-packages\django\template\base.py", line 514, in parse
    self.extend_nodelist(nodelist, compiled_result, token)
  File "C:\Users\user\Projects\Django_New_Portal_task_D14_Shashkov\venv\Lib\site-packages\django\template\base.py", line 531, in extend_nodelist
    raise self.error(
django.template.exceptions.TemplateSyntaxError: <ExtendsNode: extends 'new_portal/default.html'> must be the first tag in the template.
2023-07-03 16:37:58,909 - [ERROR] - "GET /news/create/ HTTP/1.1" 500 137458 - C:\Users\user\Projects\Django_New_Portal_task_D14_Shashkov\venv\Lib\site-packages\django\core\servers\basehttp.py - None 
2023-07-03 22:07:07,801 - [ERROR] - Internal Server Error: /news/ - C:\Users\user\Projects\Django_New_Portal_task_D14_Shashkov\venv\Lib\site-packages\django\utils\log.py - (<class 'django.template.exceptions.TemplateSyntaxError'>, TemplateSyntaxError("Invalid block tag on line 42: 'Navigation'. Did you forget to register or load this tag?"), <traceback object at 0x0000013B40F97140>) 
Traceback (most recent call last):
  File "C:\Users\user\Projects\Django_New_Portal_task_D14_Shashkov\venv\Lib\site-packages\django\template\base.py", line 505, in parse
    compile_func = self.tags[command]
                   ~~~~~~~~~^^^^^^^^^
KeyError: 'Navigation'

During handling of the above exception, another exception occurred:

Traceback (most recent call last):
  File "C:\Users\user\Projects\Django_New_Portal_task_D14_Shashkov\venv\Lib\site-packages\django\core\handlers\exception.py", line 55, in inner
    response = get_response(request)
               ^^^^^^^^^^^^^^^^^^^^^
  File "C:\Users\user\Projects\Django_New_Portal_task_D14_Shashkov\venv\Lib\site-packages\django\core\handlers\base.py", line 220, in _get_response
    response = response.render()
               ^^^^^^^^^^^^^^^^^
  File "C:\Users\user\Projects\Django_New_Portal_task_D14_Shashkov\venv\Lib\site-packages\django\template\response.py", line 111, in render
    self.content = self.rendered_content
                   ^^^^^^^^^^^^^^^^^^^^^
  File "C:\Users\user\Projects\Django_New_Portal_task_D14_Shashkov\venv\Lib\site-packages\django\template\response.py", line 89, in rendered_content
    return template.render(context, self._request)
           ^^^^^^^^^^^^^^^^^^^^^^^^^^^^^^^^^^^^^^^
  File "C:\Users\user\Projects\Django_New_Portal_task_D14_Shashkov\venv\Lib\site-packages\django\template\backends\django.py", line 61, in render
    return self.template.render(context)
           ^^^^^^^^^^^^^^^^^^^^^^^^^^^^^
  File "C:\Users\user\Projects\Django_New_Portal_task_D14_Shashkov\venv\Lib\site-packages\django\template\base.py", line 175, in render
    return self._render(context)
           ^^^^^^^^^^^^^^^^^^^^^
  File "C:\Users\user\Projects\Django_New_Portal_task_D14_Shashkov\venv\Lib\site-packages\django\template\base.py", line 167, in _render
    return self.nodelist.render(context)
           ^^^^^^^^^^^^^^^^^^^^^^^^^^^^^
  File "C:\Users\user\Projects\Django_New_Portal_task_D14_Shashkov\venv\Lib\site-packages\django\template\base.py", line 1005, in render
    return SafeString("".join([node.render_annotated(context) for node in self]))
                              ^^^^^^^^^^^^^^^^^^^^^^^^^^^^^^^^^^^^^^^^^^^^^^^^^
  File "C:\Users\user\Projects\Django_New_Portal_task_D14_Shashkov\venv\Lib\site-packages\django\template\base.py", line 1005, in <listcomp>
    return SafeString("".join([node.render_annotated(context) for node in self]))
                               ^^^^^^^^^^^^^^^^^^^^^^^^^^^^^^
  File "C:\Users\user\Projects\Django_New_Portal_task_D14_Shashkov\venv\Lib\site-packages\django\template\base.py", line 966, in render_annotated
    return self.render(context)
           ^^^^^^^^^^^^^^^^^^^^
  File "C:\Users\user\Projects\Django_New_Portal_task_D14_Shashkov\venv\Lib\site-packages\django\template\loader_tags.py", line 132, in render
    compiled_parent = self.get_parent(context)
                      ^^^^^^^^^^^^^^^^^^^^^^^^
  File "C:\Users\user\Projects\Django_New_Portal_task_D14_Shashkov\venv\Lib\site-packages\django\template\loader_tags.py", line 129, in get_parent
    return self.find_template(parent, context)
           ^^^^^^^^^^^^^^^^^^^^^^^^^^^^^^^^^^^
  File "C:\Users\user\Projects\Django_New_Portal_task_D14_Shashkov\venv\Lib\site-packages\django\template\loader_tags.py", line 107, in find_template
    template, origin = context.template.engine.find_template(
                       ^^^^^^^^^^^^^^^^^^^^^^^^^^^^^^^^^^^^^^
  File "C:\Users\user\Projects\Django_New_Portal_task_D14_Shashkov\venv\Lib\site-packages\django\template\engine.py", line 157, in find_template
    template = loader.get_template(name, skip=skip)
               ^^^^^^^^^^^^^^^^^^^^^^^^^^^^^^^^^^^^
  File "C:\Users\user\Projects\Django_New_Portal_task_D14_Shashkov\venv\Lib\site-packages\django\template\loaders\cached.py", line 57, in get_template
    template = super().get_template(template_name, skip)
               ^^^^^^^^^^^^^^^^^^^^^^^^^^^^^^^^^^^^^^^^^
  File "C:\Users\user\Projects\Django_New_Portal_task_D14_Shashkov\venv\Lib\site-packages\django\template\loaders\base.py", line 28, in get_template
    return Template(
           ^^^^^^^^^
  File "C:\Users\user\Projects\Django_New_Portal_task_D14_Shashkov\venv\Lib\site-packages\django\template\base.py", line 154, in __init__
    self.nodelist = self.compile_nodelist()
                    ^^^^^^^^^^^^^^^^^^^^^^^
  File "C:\Users\user\Projects\Django_New_Portal_task_D14_Shashkov\venv\Lib\site-packages\django\template\base.py", line 200, in compile_nodelist
    return parser.parse()
           ^^^^^^^^^^^^^^
  File "C:\Users\user\Projects\Django_New_Portal_task_D14_Shashkov\venv\Lib\site-packages\django\template\base.py", line 507, in parse
    self.invalid_block_tag(token, command, parse_until)
  File "C:\Users\user\Projects\Django_New_Portal_task_D14_Shashkov\venv\Lib\site-packages\django\template\base.py", line 568, in invalid_block_tag
    raise self.error(
django.template.exceptions.TemplateSyntaxError: Invalid block tag on line 42: 'Navigation'. Did you forget to register or load this tag?
2023-07-03 22:07:07,808 - [ERROR] - "GET /news/ HTTP/1.1" 500 210223 - C:\Users\user\Projects\Django_New_Portal_task_D14_Shashkov\venv\Lib\site-packages\django\core\servers\basehttp.py - None 
2023-07-03 22:54:18,326 - [ERROR] - Internal Server Error: /news/create/ - C:\Users\user\Projects\Django_New_Portal_task_D14_Shashkov\venv\Lib\site-packages\django\utils\log.py - (<class 'django.template.exceptions.TemplateSyntaxError'>, TemplateSyntaxError('Invalid block tag on line 19: \'"Добавить\', expected \'endblock\'. Did you forget to register or load this tag?'), <traceback object at 0x000001FAA21CB6C0>) 
Traceback (most recent call last):
  File "C:\Users\user\Projects\Django_New_Portal_task_D14_Shashkov\venv\Lib\site-packages\django\template\base.py", line 505, in parse
    compile_func = self.tags[command]
                   ~~~~~~~~~^^^^^^^^^
KeyError: '"Добавить'

During handling of the above exception, another exception occurred:

Traceback (most recent call last):
  File "C:\Users\user\Projects\Django_New_Portal_task_D14_Shashkov\venv\Lib\site-packages\django\core\handlers\exception.py", line 55, in inner
    response = get_response(request)
               ^^^^^^^^^^^^^^^^^^^^^
  File "C:\Users\user\Projects\Django_New_Portal_task_D14_Shashkov\venv\Lib\site-packages\django\core\handlers\base.py", line 220, in _get_response
    response = response.render()
               ^^^^^^^^^^^^^^^^^
  File "C:\Users\user\Projects\Django_New_Portal_task_D14_Shashkov\venv\Lib\site-packages\django\template\response.py", line 111, in render
    self.content = self.rendered_content
                   ^^^^^^^^^^^^^^^^^^^^^
  File "C:\Users\user\Projects\Django_New_Portal_task_D14_Shashkov\venv\Lib\site-packages\django\template\response.py", line 87, in rendered_content
    template = self.resolve_template(self.template_name)
               ^^^^^^^^^^^^^^^^^^^^^^^^^^^^^^^^^^^^^^^^^
  File "C:\Users\user\Projects\Django_New_Portal_task_D14_Shashkov\venv\Lib\site-packages\django\template\response.py", line 69, in resolve_template
    return select_template(template, using=self.using)
           ^^^^^^^^^^^^^^^^^^^^^^^^^^^^^^^^^^^^^^^^^^^
  File "C:\Users\user\Projects\Django_New_Portal_task_D14_Shashkov\venv\Lib\site-packages\django\template\loader.py", line 42, in select_template
    return engine.get_template(template_name)
           ^^^^^^^^^^^^^^^^^^^^^^^^^^^^^^^^^^
  File "C:\Users\user\Projects\Django_New_Portal_task_D14_Shashkov\venv\Lib\site-packages\django\template\backends\django.py", line 33, in get_template
    return Template(self.engine.get_template(template_name), self)
                    ^^^^^^^^^^^^^^^^^^^^^^^^^^^^^^^^^^^^^^^
  File "C:\Users\user\Projects\Django_New_Portal_task_D14_Shashkov\venv\Lib\site-packages\django\template\engine.py", line 175, in get_template
    template, origin = self.find_template(template_name)
                       ^^^^^^^^^^^^^^^^^^^^^^^^^^^^^^^^^
  File "C:\Users\user\Projects\Django_New_Portal_task_D14_Shashkov\venv\Lib\site-packages\django\template\engine.py", line 157, in find_template
    template = loader.get_template(name, skip=skip)
               ^^^^^^^^^^^^^^^^^^^^^^^^^^^^^^^^^^^^
  File "C:\Users\user\Projects\Django_New_Portal_task_D14_Shashkov\venv\Lib\site-packages\django\template\loaders\cached.py", line 57, in get_template
    template = super().get_template(template_name, skip)
               ^^^^^^^^^^^^^^^^^^^^^^^^^^^^^^^^^^^^^^^^^
  File "C:\Users\user\Projects\Django_New_Portal_task_D14_Shashkov\venv\Lib\site-packages\django\template\loaders\base.py", line 28, in get_template
    return Template(
           ^^^^^^^^^
  File "C:\Users\user\Projects\Django_New_Portal_task_D14_Shashkov\venv\Lib\site-packages\django\template\base.py", line 154, in __init__
    self.nodelist = self.compile_nodelist()
                    ^^^^^^^^^^^^^^^^^^^^^^^
  File "C:\Users\user\Projects\Django_New_Portal_task_D14_Shashkov\venv\Lib\site-packages\django\template\base.py", line 200, in compile_nodelist
    return parser.parse()
           ^^^^^^^^^^^^^^
  File "C:\Users\user\Projects\Django_New_Portal_task_D14_Shashkov\venv\Lib\site-packages\django\template\base.py", line 513, in parse
    raise self.error(token, e)
  File "C:\Users\user\Projects\Django_New_Portal_task_D14_Shashkov\venv\Lib\site-packages\django\template\base.py", line 511, in parse
    compiled_result = compile_func(self, token)
                      ^^^^^^^^^^^^^^^^^^^^^^^^^
  File "C:\Users\user\Projects\Django_New_Portal_task_D14_Shashkov\venv\Lib\site-packages\django\template\loader_tags.py", line 293, in do_extends
    nodelist = parser.parse()
               ^^^^^^^^^^^^^^
  File "C:\Users\user\Projects\Django_New_Portal_task_D14_Shashkov\venv\Lib\site-packages\django\template\base.py", line 513, in parse
    raise self.error(token, e)
  File "C:\Users\user\Projects\Django_New_Portal_task_D14_Shashkov\venv\Lib\site-packages\django\template\base.py", line 511, in parse
    compiled_result = compile_func(self, token)
                      ^^^^^^^^^^^^^^^^^^^^^^^^^
  File "C:\Users\user\Projects\Django_New_Portal_task_D14_Shashkov\venv\Lib\site-packages\django\template\loader_tags.py", line 232, in do_block
    nodelist = parser.parse(("endblock",))
               ^^^^^^^^^^^^^^^^^^^^^^^^^^^
  File "C:\Users\user\Projects\Django_New_Portal_task_D14_Shashkov\venv\Lib\site-packages\django\template\base.py", line 507, in parse
    self.invalid_block_tag(token, command, parse_until)
  File "C:\Users\user\Projects\Django_New_Portal_task_D14_Shashkov\venv\Lib\site-packages\django\template\base.py", line 558, in invalid_block_tag
    raise self.error(
django.template.exceptions.TemplateSyntaxError: Invalid block tag on line 19: '"Добавить', expected 'endblock'. Did you forget to register or load this tag?
2023-07-03 22:54:18,332 - [ERROR] - "GET /news/create/ HTTP/1.1" 500 177570 - C:\Users\user\Projects\Django_New_Portal_task_D14_Shashkov\venv\Lib\site-packages\django\core\servers\basehttp.py - None 
2023-07-03 23:14:05,288 - [ERROR] - Internal Server Error: /news/create/ - C:\Users\user\Projects\Django_New_Portal_task_D14_Shashkov\venv\Lib\site-packages\django\utils\log.py - (<class 'django.template.exceptions.TemplateSyntaxError'>, TemplateSyntaxError('Unknown argument for \'trans\' tag: \'нас\'. The only options available are \'noop\', \'context\' "xxx", and \'as VAR\'.'), <traceback object at 0x00000287665F65C0>) 
Traceback (most recent call last):
  File "C:\Users\user\Projects\Django_New_Portal_task_D14_Shashkov\venv\Lib\site-packages\django\core\handlers\exception.py", line 55, in inner
    response = get_response(request)
               ^^^^^^^^^^^^^^^^^^^^^
  File "C:\Users\user\Projects\Django_New_Portal_task_D14_Shashkov\venv\Lib\site-packages\django\core\handlers\base.py", line 220, in _get_response
    response = response.render()
               ^^^^^^^^^^^^^^^^^
  File "C:\Users\user\Projects\Django_New_Portal_task_D14_Shashkov\venv\Lib\site-packages\django\template\response.py", line 111, in render
    self.content = self.rendered_content
                   ^^^^^^^^^^^^^^^^^^^^^
  File "C:\Users\user\Projects\Django_New_Portal_task_D14_Shashkov\venv\Lib\site-packages\django\template\response.py", line 89, in rendered_content
    return template.render(context, self._request)
           ^^^^^^^^^^^^^^^^^^^^^^^^^^^^^^^^^^^^^^^
  File "C:\Users\user\Projects\Django_New_Portal_task_D14_Shashkov\venv\Lib\site-packages\django\template\backends\django.py", line 61, in render
    return self.template.render(context)
           ^^^^^^^^^^^^^^^^^^^^^^^^^^^^^
  File "C:\Users\user\Projects\Django_New_Portal_task_D14_Shashkov\venv\Lib\site-packages\django\template\base.py", line 175, in render
    return self._render(context)
           ^^^^^^^^^^^^^^^^^^^^^
  File "C:\Users\user\Projects\Django_New_Portal_task_D14_Shashkov\venv\Lib\site-packages\django\template\base.py", line 167, in _render
    return self.nodelist.render(context)
           ^^^^^^^^^^^^^^^^^^^^^^^^^^^^^
  File "C:\Users\user\Projects\Django_New_Portal_task_D14_Shashkov\venv\Lib\site-packages\django\template\base.py", line 1005, in render
    return SafeString("".join([node.render_annotated(context) for node in self]))
                              ^^^^^^^^^^^^^^^^^^^^^^^^^^^^^^^^^^^^^^^^^^^^^^^^^
  File "C:\Users\user\Projects\Django_New_Portal_task_D14_Shashkov\venv\Lib\site-packages\django\template\base.py", line 1005, in <listcomp>
    return SafeString("".join([node.render_annotated(context) for node in self]))
                               ^^^^^^^^^^^^^^^^^^^^^^^^^^^^^^
  File "C:\Users\user\Projects\Django_New_Portal_task_D14_Shashkov\venv\Lib\site-packages\django\template\base.py", line 966, in render_annotated
    return self.render(context)
           ^^^^^^^^^^^^^^^^^^^^
  File "C:\Users\user\Projects\Django_New_Portal_task_D14_Shashkov\venv\Lib\site-packages\django\template\loader_tags.py", line 132, in render
    compiled_parent = self.get_parent(context)
                      ^^^^^^^^^^^^^^^^^^^^^^^^
  File "C:\Users\user\Projects\Django_New_Portal_task_D14_Shashkov\venv\Lib\site-packages\django\template\loader_tags.py", line 129, in get_parent
    return self.find_template(parent, context)
           ^^^^^^^^^^^^^^^^^^^^^^^^^^^^^^^^^^^
  File "C:\Users\user\Projects\Django_New_Portal_task_D14_Shashkov\venv\Lib\site-packages\django\template\loader_tags.py", line 107, in find_template
    template, origin = context.template.engine.find_template(
                       ^^^^^^^^^^^^^^^^^^^^^^^^^^^^^^^^^^^^^^
  File "C:\Users\user\Projects\Django_New_Portal_task_D14_Shashkov\venv\Lib\site-packages\django\template\engine.py", line 157, in find_template
    template = loader.get_template(name, skip=skip)
               ^^^^^^^^^^^^^^^^^^^^^^^^^^^^^^^^^^^^
  File "C:\Users\user\Projects\Django_New_Portal_task_D14_Shashkov\venv\Lib\site-packages\django\template\loaders\cached.py", line 57, in get_template
    template = super().get_template(template_name, skip)
               ^^^^^^^^^^^^^^^^^^^^^^^^^^^^^^^^^^^^^^^^^
  File "C:\Users\user\Projects\Django_New_Portal_task_D14_Shashkov\venv\Lib\site-packages\django\template\loaders\base.py", line 28, in get_template
    return Template(
           ^^^^^^^^^
  File "C:\Users\user\Projects\Django_New_Portal_task_D14_Shashkov\venv\Lib\site-packages\django\template\base.py", line 154, in __init__
    self.nodelist = self.compile_nodelist()
                    ^^^^^^^^^^^^^^^^^^^^^^^
  File "C:\Users\user\Projects\Django_New_Portal_task_D14_Shashkov\venv\Lib\site-packages\django\template\base.py", line 200, in compile_nodelist
    return parser.parse()
           ^^^^^^^^^^^^^^
  File "C:\Users\user\Projects\Django_New_Portal_task_D14_Shashkov\venv\Lib\site-packages\django\template\base.py", line 513, in parse
    raise self.error(token, e)
  File "C:\Users\user\Projects\Django_New_Portal_task_D14_Shashkov\venv\Lib\site-packages\django\template\base.py", line 511, in parse
    compiled_result = compile_func(self, token)
                      ^^^^^^^^^^^^^^^^^^^^^^^^^
  File "C:\Users\user\Projects\Django_New_Portal_task_D14_Shashkov\venv\Lib\site-packages\django\templatetags\i18n.py", line 443, in do_translate
    raise TemplateSyntaxError(
django.template.exceptions.TemplateSyntaxError: Unknown argument for 'trans' tag: 'нас'. The only options available are 'noop', 'context' "xxx", and 'as VAR'.
2023-07-03 23:14:05,293 - [ERROR] - "GET /news/create/ HTTP/1.1" 500 196988 - C:\Users\user\Projects\Django_New_Portal_task_D14_Shashkov\venv\Lib\site-packages\django\core\servers\basehttp.py - None 
2023-07-03 23:14:38,384 - [ERROR] - Internal Server Error: /news/create/ - C:\Users\user\Projects\Django_New_Portal_task_D14_Shashkov\venv\Lib\site-packages\django\utils\log.py - (<class 'django.template.exceptions.TemplateSyntaxError'>, TemplateSyntaxError('Unknown argument for \'trans\' tag: \'нас\'. The only options available are \'noop\', \'context\' "xxx", and \'as VAR\'.'), <traceback object at 0x00000287665EFF80>) 
Traceback (most recent call last):
  File "C:\Users\user\Projects\Django_New_Portal_task_D14_Shashkov\venv\Lib\site-packages\django\core\handlers\exception.py", line 55, in inner
    response = get_response(request)
               ^^^^^^^^^^^^^^^^^^^^^
  File "C:\Users\user\Projects\Django_New_Portal_task_D14_Shashkov\venv\Lib\site-packages\django\core\handlers\base.py", line 220, in _get_response
    response = response.render()
               ^^^^^^^^^^^^^^^^^
  File "C:\Users\user\Projects\Django_New_Portal_task_D14_Shashkov\venv\Lib\site-packages\django\template\response.py", line 111, in render
    self.content = self.rendered_content
                   ^^^^^^^^^^^^^^^^^^^^^
  File "C:\Users\user\Projects\Django_New_Portal_task_D14_Shashkov\venv\Lib\site-packages\django\template\response.py", line 89, in rendered_content
    return template.render(context, self._request)
           ^^^^^^^^^^^^^^^^^^^^^^^^^^^^^^^^^^^^^^^
  File "C:\Users\user\Projects\Django_New_Portal_task_D14_Shashkov\venv\Lib\site-packages\django\template\backends\django.py", line 61, in render
    return self.template.render(context)
           ^^^^^^^^^^^^^^^^^^^^^^^^^^^^^
  File "C:\Users\user\Projects\Django_New_Portal_task_D14_Shashkov\venv\Lib\site-packages\django\template\base.py", line 175, in render
    return self._render(context)
           ^^^^^^^^^^^^^^^^^^^^^
  File "C:\Users\user\Projects\Django_New_Portal_task_D14_Shashkov\venv\Lib\site-packages\django\template\base.py", line 167, in _render
    return self.nodelist.render(context)
           ^^^^^^^^^^^^^^^^^^^^^^^^^^^^^
  File "C:\Users\user\Projects\Django_New_Portal_task_D14_Shashkov\venv\Lib\site-packages\django\template\base.py", line 1005, in render
    return SafeString("".join([node.render_annotated(context) for node in self]))
                              ^^^^^^^^^^^^^^^^^^^^^^^^^^^^^^^^^^^^^^^^^^^^^^^^^
  File "C:\Users\user\Projects\Django_New_Portal_task_D14_Shashkov\venv\Lib\site-packages\django\template\base.py", line 1005, in <listcomp>
    return SafeString("".join([node.render_annotated(context) for node in self]))
                               ^^^^^^^^^^^^^^^^^^^^^^^^^^^^^^
  File "C:\Users\user\Projects\Django_New_Portal_task_D14_Shashkov\venv\Lib\site-packages\django\template\base.py", line 966, in render_annotated
    return self.render(context)
           ^^^^^^^^^^^^^^^^^^^^
  File "C:\Users\user\Projects\Django_New_Portal_task_D14_Shashkov\venv\Lib\site-packages\django\template\loader_tags.py", line 132, in render
    compiled_parent = self.get_parent(context)
                      ^^^^^^^^^^^^^^^^^^^^^^^^
  File "C:\Users\user\Projects\Django_New_Portal_task_D14_Shashkov\venv\Lib\site-packages\django\template\loader_tags.py", line 129, in get_parent
    return self.find_template(parent, context)
           ^^^^^^^^^^^^^^^^^^^^^^^^^^^^^^^^^^^
  File "C:\Users\user\Projects\Django_New_Portal_task_D14_Shashkov\venv\Lib\site-packages\django\template\loader_tags.py", line 107, in find_template
    template, origin = context.template.engine.find_template(
                       ^^^^^^^^^^^^^^^^^^^^^^^^^^^^^^^^^^^^^^
  File "C:\Users\user\Projects\Django_New_Portal_task_D14_Shashkov\venv\Lib\site-packages\django\template\engine.py", line 157, in find_template
    template = loader.get_template(name, skip=skip)
               ^^^^^^^^^^^^^^^^^^^^^^^^^^^^^^^^^^^^
  File "C:\Users\user\Projects\Django_New_Portal_task_D14_Shashkov\venv\Lib\site-packages\django\template\loaders\cached.py", line 57, in get_template
    template = super().get_template(template_name, skip)
               ^^^^^^^^^^^^^^^^^^^^^^^^^^^^^^^^^^^^^^^^^
  File "C:\Users\user\Projects\Django_New_Portal_task_D14_Shashkov\venv\Lib\site-packages\django\template\loaders\base.py", line 28, in get_template
    return Template(
           ^^^^^^^^^
  File "C:\Users\user\Projects\Django_New_Portal_task_D14_Shashkov\venv\Lib\site-packages\django\template\base.py", line 154, in __init__
    self.nodelist = self.compile_nodelist()
                    ^^^^^^^^^^^^^^^^^^^^^^^
  File "C:\Users\user\Projects\Django_New_Portal_task_D14_Shashkov\venv\Lib\site-packages\django\template\base.py", line 200, in compile_nodelist
    return parser.parse()
           ^^^^^^^^^^^^^^
  File "C:\Users\user\Projects\Django_New_Portal_task_D14_Shashkov\venv\Lib\site-packages\django\template\base.py", line 513, in parse
    raise self.error(token, e)
  File "C:\Users\user\Projects\Django_New_Portal_task_D14_Shashkov\venv\Lib\site-packages\django\template\base.py", line 511, in parse
    compiled_result = compile_func(self, token)
                      ^^^^^^^^^^^^^^^^^^^^^^^^^
  File "C:\Users\user\Projects\Django_New_Portal_task_D14_Shashkov\venv\Lib\site-packages\django\templatetags\i18n.py", line 443, in do_translate
    raise TemplateSyntaxError(
django.template.exceptions.TemplateSyntaxError: Unknown argument for 'trans' tag: 'нас'. The only options available are 'noop', 'context' "xxx", and 'as VAR'.
2023-07-03 23:14:38,387 - [ERROR] - "GET /news/create/ HTTP/1.1" 500 196988 - C:\Users\user\Projects\Django_New_Portal_task_D14_Shashkov\venv\Lib\site-packages\django\core\servers\basehttp.py - None 
2023-07-03 23:16:29,730 - [ERROR] - Internal Server Error: /news/create/ - C:\Users\user\Projects\Django_New_Portal_task_D14_Shashkov\venv\Lib\site-packages\django\utils\log.py - (<class 'django.template.exceptions.TemplateSyntaxError'>, TemplateSyntaxError('Unknown argument for \'trans\' tag: \'нас\'. The only options available are \'noop\', \'context\' "xxx", and \'as VAR\'.'), <traceback object at 0x000002876649DF40>) 
Traceback (most recent call last):
  File "C:\Users\user\Projects\Django_New_Portal_task_D14_Shashkov\venv\Lib\site-packages\django\core\handlers\exception.py", line 55, in inner
    response = get_response(request)
               ^^^^^^^^^^^^^^^^^^^^^
  File "C:\Users\user\Projects\Django_New_Portal_task_D14_Shashkov\venv\Lib\site-packages\django\core\handlers\base.py", line 220, in _get_response
    response = response.render()
               ^^^^^^^^^^^^^^^^^
  File "C:\Users\user\Projects\Django_New_Portal_task_D14_Shashkov\venv\Lib\site-packages\django\template\response.py", line 111, in render
    self.content = self.rendered_content
                   ^^^^^^^^^^^^^^^^^^^^^
  File "C:\Users\user\Projects\Django_New_Portal_task_D14_Shashkov\venv\Lib\site-packages\django\template\response.py", line 89, in rendered_content
    return template.render(context, self._request)
           ^^^^^^^^^^^^^^^^^^^^^^^^^^^^^^^^^^^^^^^
  File "C:\Users\user\Projects\Django_New_Portal_task_D14_Shashkov\venv\Lib\site-packages\django\template\backends\django.py", line 61, in render
    return self.template.render(context)
           ^^^^^^^^^^^^^^^^^^^^^^^^^^^^^
  File "C:\Users\user\Projects\Django_New_Portal_task_D14_Shashkov\venv\Lib\site-packages\django\template\base.py", line 175, in render
    return self._render(context)
           ^^^^^^^^^^^^^^^^^^^^^
  File "C:\Users\user\Projects\Django_New_Portal_task_D14_Shashkov\venv\Lib\site-packages\django\template\base.py", line 167, in _render
    return self.nodelist.render(context)
           ^^^^^^^^^^^^^^^^^^^^^^^^^^^^^
  File "C:\Users\user\Projects\Django_New_Portal_task_D14_Shashkov\venv\Lib\site-packages\django\template\base.py", line 1005, in render
    return SafeString("".join([node.render_annotated(context) for node in self]))
                              ^^^^^^^^^^^^^^^^^^^^^^^^^^^^^^^^^^^^^^^^^^^^^^^^^
  File "C:\Users\user\Projects\Django_New_Portal_task_D14_Shashkov\venv\Lib\site-packages\django\template\base.py", line 1005, in <listcomp>
    return SafeString("".join([node.render_annotated(context) for node in self]))
                               ^^^^^^^^^^^^^^^^^^^^^^^^^^^^^^
  File "C:\Users\user\Projects\Django_New_Portal_task_D14_Shashkov\venv\Lib\site-packages\django\template\base.py", line 966, in render_annotated
    return self.render(context)
           ^^^^^^^^^^^^^^^^^^^^
  File "C:\Users\user\Projects\Django_New_Portal_task_D14_Shashkov\venv\Lib\site-packages\django\template\loader_tags.py", line 132, in render
    compiled_parent = self.get_parent(context)
                      ^^^^^^^^^^^^^^^^^^^^^^^^
  File "C:\Users\user\Projects\Django_New_Portal_task_D14_Shashkov\venv\Lib\site-packages\django\template\loader_tags.py", line 129, in get_parent
    return self.find_template(parent, context)
           ^^^^^^^^^^^^^^^^^^^^^^^^^^^^^^^^^^^
  File "C:\Users\user\Projects\Django_New_Portal_task_D14_Shashkov\venv\Lib\site-packages\django\template\loader_tags.py", line 107, in find_template
    template, origin = context.template.engine.find_template(
                       ^^^^^^^^^^^^^^^^^^^^^^^^^^^^^^^^^^^^^^
  File "C:\Users\user\Projects\Django_New_Portal_task_D14_Shashkov\venv\Lib\site-packages\django\template\engine.py", line 157, in find_template
    template = loader.get_template(name, skip=skip)
               ^^^^^^^^^^^^^^^^^^^^^^^^^^^^^^^^^^^^
  File "C:\Users\user\Projects\Django_New_Portal_task_D14_Shashkov\venv\Lib\site-packages\django\template\loaders\cached.py", line 57, in get_template
    template = super().get_template(template_name, skip)
               ^^^^^^^^^^^^^^^^^^^^^^^^^^^^^^^^^^^^^^^^^
  File "C:\Users\user\Projects\Django_New_Portal_task_D14_Shashkov\venv\Lib\site-packages\django\template\loaders\base.py", line 28, in get_template
    return Template(
           ^^^^^^^^^
  File "C:\Users\user\Projects\Django_New_Portal_task_D14_Shashkov\venv\Lib\site-packages\django\template\base.py", line 154, in __init__
    self.nodelist = self.compile_nodelist()
                    ^^^^^^^^^^^^^^^^^^^^^^^
  File "C:\Users\user\Projects\Django_New_Portal_task_D14_Shashkov\venv\Lib\site-packages\django\template\base.py", line 200, in compile_nodelist
    return parser.parse()
           ^^^^^^^^^^^^^^
  File "C:\Users\user\Projects\Django_New_Portal_task_D14_Shashkov\venv\Lib\site-packages\django\template\base.py", line 513, in parse
    raise self.error(token, e)
  File "C:\Users\user\Projects\Django_New_Portal_task_D14_Shashkov\venv\Lib\site-packages\django\template\base.py", line 511, in parse
    compiled_result = compile_func(self, token)
                      ^^^^^^^^^^^^^^^^^^^^^^^^^
  File "C:\Users\user\Projects\Django_New_Portal_task_D14_Shashkov\venv\Lib\site-packages\django\templatetags\i18n.py", line 443, in do_translate
    raise TemplateSyntaxError(
django.template.exceptions.TemplateSyntaxError: Unknown argument for 'trans' tag: 'нас'. The only options available are 'noop', 'context' "xxx", and 'as VAR'.
2023-07-03 23:16:29,734 - [ERROR] - "GET /news/create/ HTTP/1.1" 500 196988 - C:\Users\user\Projects\Django_New_Portal_task_D14_Shashkov\venv\Lib\site-packages\django\core\servers\basehttp.py - None 
2023-07-03 23:17:19,046 - [ERROR] - Internal Server Error: /news/create/ - C:\Users\user\Projects\Django_New_Portal_task_D14_Shashkov\venv\Lib\site-packages\django\utils\log.py - (<class 'django.template.exceptions.TemplateSyntaxError'>, TemplateSyntaxError('Unknown argument for \'trans\' tag: \'подписку\'. The only options available are \'noop\', \'context\' "xxx", and \'as VAR\'.'), <traceback object at 0x00000287668047C0>) 
Traceback (most recent call last):
  File "C:\Users\user\Projects\Django_New_Portal_task_D14_Shashkov\venv\Lib\site-packages\django\core\handlers\exception.py", line 55, in inner
    response = get_response(request)
               ^^^^^^^^^^^^^^^^^^^^^
  File "C:\Users\user\Projects\Django_New_Portal_task_D14_Shashkov\venv\Lib\site-packages\django\core\handlers\base.py", line 220, in _get_response
    response = response.render()
               ^^^^^^^^^^^^^^^^^
  File "C:\Users\user\Projects\Django_New_Portal_task_D14_Shashkov\venv\Lib\site-packages\django\template\response.py", line 111, in render
    self.content = self.rendered_content
                   ^^^^^^^^^^^^^^^^^^^^^
  File "C:\Users\user\Projects\Django_New_Portal_task_D14_Shashkov\venv\Lib\site-packages\django\template\response.py", line 89, in rendered_content
    return template.render(context, self._request)
           ^^^^^^^^^^^^^^^^^^^^^^^^^^^^^^^^^^^^^^^
  File "C:\Users\user\Projects\Django_New_Portal_task_D14_Shashkov\venv\Lib\site-packages\django\template\backends\django.py", line 61, in render
    return self.template.render(context)
           ^^^^^^^^^^^^^^^^^^^^^^^^^^^^^
  File "C:\Users\user\Projects\Django_New_Portal_task_D14_Shashkov\venv\Lib\site-packages\django\template\base.py", line 175, in render
    return self._render(context)
           ^^^^^^^^^^^^^^^^^^^^^
  File "C:\Users\user\Projects\Django_New_Portal_task_D14_Shashkov\venv\Lib\site-packages\django\template\base.py", line 167, in _render
    return self.nodelist.render(context)
           ^^^^^^^^^^^^^^^^^^^^^^^^^^^^^
  File "C:\Users\user\Projects\Django_New_Portal_task_D14_Shashkov\venv\Lib\site-packages\django\template\base.py", line 1005, in render
    return SafeString("".join([node.render_annotated(context) for node in self]))
                              ^^^^^^^^^^^^^^^^^^^^^^^^^^^^^^^^^^^^^^^^^^^^^^^^^
  File "C:\Users\user\Projects\Django_New_Portal_task_D14_Shashkov\venv\Lib\site-packages\django\template\base.py", line 1005, in <listcomp>
    return SafeString("".join([node.render_annotated(context) for node in self]))
                               ^^^^^^^^^^^^^^^^^^^^^^^^^^^^^^
  File "C:\Users\user\Projects\Django_New_Portal_task_D14_Shashkov\venv\Lib\site-packages\django\template\base.py", line 966, in render_annotated
    return self.render(context)
           ^^^^^^^^^^^^^^^^^^^^
  File "C:\Users\user\Projects\Django_New_Portal_task_D14_Shashkov\venv\Lib\site-packages\django\template\loader_tags.py", line 132, in render
    compiled_parent = self.get_parent(context)
                      ^^^^^^^^^^^^^^^^^^^^^^^^
  File "C:\Users\user\Projects\Django_New_Portal_task_D14_Shashkov\venv\Lib\site-packages\django\template\loader_tags.py", line 129, in get_parent
    return self.find_template(parent, context)
           ^^^^^^^^^^^^^^^^^^^^^^^^^^^^^^^^^^^
  File "C:\Users\user\Projects\Django_New_Portal_task_D14_Shashkov\venv\Lib\site-packages\django\template\loader_tags.py", line 107, in find_template
    template, origin = context.template.engine.find_template(
                       ^^^^^^^^^^^^^^^^^^^^^^^^^^^^^^^^^^^^^^
  File "C:\Users\user\Projects\Django_New_Portal_task_D14_Shashkov\venv\Lib\site-packages\django\template\engine.py", line 157, in find_template
    template = loader.get_template(name, skip=skip)
               ^^^^^^^^^^^^^^^^^^^^^^^^^^^^^^^^^^^^
  File "C:\Users\user\Projects\Django_New_Portal_task_D14_Shashkov\venv\Lib\site-packages\django\template\loaders\cached.py", line 57, in get_template
    template = super().get_template(template_name, skip)
               ^^^^^^^^^^^^^^^^^^^^^^^^^^^^^^^^^^^^^^^^^
  File "C:\Users\user\Projects\Django_New_Portal_task_D14_Shashkov\venv\Lib\site-packages\django\template\loaders\base.py", line 28, in get_template
    return Template(
           ^^^^^^^^^
  File "C:\Users\user\Projects\Django_New_Portal_task_D14_Shashkov\venv\Lib\site-packages\django\template\base.py", line 154, in __init__
    self.nodelist = self.compile_nodelist()
                    ^^^^^^^^^^^^^^^^^^^^^^^
  File "C:\Users\user\Projects\Django_New_Portal_task_D14_Shashkov\venv\Lib\site-packages\django\template\base.py", line 200, in compile_nodelist
    return parser.parse()
           ^^^^^^^^^^^^^^
  File "C:\Users\user\Projects\Django_New_Portal_task_D14_Shashkov\venv\Lib\site-packages\django\template\base.py", line 513, in parse
    raise self.error(token, e)
  File "C:\Users\user\Projects\Django_New_Portal_task_D14_Shashkov\venv\Lib\site-packages\django\template\base.py", line 511, in parse
    compiled_result = compile_func(self, token)
                      ^^^^^^^^^^^^^^^^^^^^^^^^^
  File "C:\Users\user\Projects\Django_New_Portal_task_D14_Shashkov\venv\Lib\site-packages\django\templatetags\i18n.py", line 443, in do_translate
    raise TemplateSyntaxError(
django.template.exceptions.TemplateSyntaxError: Unknown argument for 'trans' tag: 'подписку'. The only options available are 'noop', 'context' "xxx", and 'as VAR'.
2023-07-03 23:17:19,050 - [ERROR] - "GET /news/create/ HTTP/1.1" 500 195675 - C:\Users\user\Projects\Django_New_Portal_task_D14_Shashkov\venv\Lib\site-packages\django\core\servers\basehttp.py - None 
2023-07-03 23:18:15,329 - [ERROR] - Internal Server Error: /news/create/ - C:\Users\user\Projects\Django_New_Portal_task_D14_Shashkov\venv\Lib\site-packages\django\utils\log.py - (<class 'django.template.exceptions.TemplateSyntaxError'>, TemplateSyntaxError('Unknown argument for \'trans\' tag: \'запись\'. The only options available are \'noop\', \'context\' "xxx", and \'as VAR\'.'), <traceback object at 0x0000028764847A80>) 
Traceback (most recent call last):
  File "C:\Users\user\Projects\Django_New_Portal_task_D14_Shashkov\venv\Lib\site-packages\django\core\handlers\exception.py", line 55, in inner
    response = get_response(request)
               ^^^^^^^^^^^^^^^^^^^^^
  File "C:\Users\user\Projects\Django_New_Portal_task_D14_Shashkov\venv\Lib\site-packages\django\core\handlers\base.py", line 220, in _get_response
    response = response.render()
               ^^^^^^^^^^^^^^^^^
  File "C:\Users\user\Projects\Django_New_Portal_task_D14_Shashkov\venv\Lib\site-packages\django\template\response.py", line 111, in render
    self.content = self.rendered_content
                   ^^^^^^^^^^^^^^^^^^^^^
  File "C:\Users\user\Projects\Django_New_Portal_task_D14_Shashkov\venv\Lib\site-packages\django\template\response.py", line 89, in rendered_content
    return template.render(context, self._request)
           ^^^^^^^^^^^^^^^^^^^^^^^^^^^^^^^^^^^^^^^
  File "C:\Users\user\Projects\Django_New_Portal_task_D14_Shashkov\venv\Lib\site-packages\django\template\backends\django.py", line 61, in render
    return self.template.render(context)
           ^^^^^^^^^^^^^^^^^^^^^^^^^^^^^
  File "C:\Users\user\Projects\Django_New_Portal_task_D14_Shashkov\venv\Lib\site-packages\django\template\base.py", line 175, in render
    return self._render(context)
           ^^^^^^^^^^^^^^^^^^^^^
  File "C:\Users\user\Projects\Django_New_Portal_task_D14_Shashkov\venv\Lib\site-packages\django\template\base.py", line 167, in _render
    return self.nodelist.render(context)
           ^^^^^^^^^^^^^^^^^^^^^^^^^^^^^
  File "C:\Users\user\Projects\Django_New_Portal_task_D14_Shashkov\venv\Lib\site-packages\django\template\base.py", line 1005, in render
    return SafeString("".join([node.render_annotated(context) for node in self]))
                              ^^^^^^^^^^^^^^^^^^^^^^^^^^^^^^^^^^^^^^^^^^^^^^^^^
  File "C:\Users\user\Projects\Django_New_Portal_task_D14_Shashkov\venv\Lib\site-packages\django\template\base.py", line 1005, in <listcomp>
    return SafeString("".join([node.render_annotated(context) for node in self]))
                               ^^^^^^^^^^^^^^^^^^^^^^^^^^^^^^
  File "C:\Users\user\Projects\Django_New_Portal_task_D14_Shashkov\venv\Lib\site-packages\django\template\base.py", line 966, in render_annotated
    return self.render(context)
           ^^^^^^^^^^^^^^^^^^^^
  File "C:\Users\user\Projects\Django_New_Portal_task_D14_Shashkov\venv\Lib\site-packages\django\template\loader_tags.py", line 132, in render
    compiled_parent = self.get_parent(context)
                      ^^^^^^^^^^^^^^^^^^^^^^^^
  File "C:\Users\user\Projects\Django_New_Portal_task_D14_Shashkov\venv\Lib\site-packages\django\template\loader_tags.py", line 129, in get_parent
    return self.find_template(parent, context)
           ^^^^^^^^^^^^^^^^^^^^^^^^^^^^^^^^^^^
  File "C:\Users\user\Projects\Django_New_Portal_task_D14_Shashkov\venv\Lib\site-packages\django\template\loader_tags.py", line 107, in find_template
    template, origin = context.template.engine.find_template(
                       ^^^^^^^^^^^^^^^^^^^^^^^^^^^^^^^^^^^^^^
  File "C:\Users\user\Projects\Django_New_Portal_task_D14_Shashkov\venv\Lib\site-packages\django\template\engine.py", line 157, in find_template
    template = loader.get_template(name, skip=skip)
               ^^^^^^^^^^^^^^^^^^^^^^^^^^^^^^^^^^^^
  File "C:\Users\user\Projects\Django_New_Portal_task_D14_Shashkov\venv\Lib\site-packages\django\template\loaders\cached.py", line 57, in get_template
    template = super().get_template(template_name, skip)
               ^^^^^^^^^^^^^^^^^^^^^^^^^^^^^^^^^^^^^^^^^
  File "C:\Users\user\Projects\Django_New_Portal_task_D14_Shashkov\venv\Lib\site-packages\django\template\loaders\base.py", line 28, in get_template
    return Template(
           ^^^^^^^^^
  File "C:\Users\user\Projects\Django_New_Portal_task_D14_Shashkov\venv\Lib\site-packages\django\template\base.py", line 154, in __init__
    self.nodelist = self.compile_nodelist()
                    ^^^^^^^^^^^^^^^^^^^^^^^
  File "C:\Users\user\Projects\Django_New_Portal_task_D14_Shashkov\venv\Lib\site-packages\django\template\base.py", line 200, in compile_nodelist
    return parser.parse()
           ^^^^^^^^^^^^^^
  File "C:\Users\user\Projects\Django_New_Portal_task_D14_Shashkov\venv\Lib\site-packages\django\template\base.py", line 513, in parse
    raise self.error(token, e)
  File "C:\Users\user\Projects\Django_New_Portal_task_D14_Shashkov\venv\Lib\site-packages\django\template\base.py", line 511, in parse
    compiled_result = compile_func(self, token)
                      ^^^^^^^^^^^^^^^^^^^^^^^^^
  File "C:\Users\user\Projects\Django_New_Portal_task_D14_Shashkov\venv\Lib\site-packages\django\template\defaulttags.py", line 953, in do_if
    nodelist = parser.parse(("elif", "else", "endif"))
               ^^^^^^^^^^^^^^^^^^^^^^^^^^^^^^^^^^^^^^^
  File "C:\Users\user\Projects\Django_New_Portal_task_D14_Shashkov\venv\Lib\site-packages\django\template\base.py", line 513, in parse
    raise self.error(token, e)
  File "C:\Users\user\Projects\Django_New_Portal_task_D14_Shashkov\venv\Lib\site-packages\django\template\base.py", line 511, in parse
    compiled_result = compile_func(self, token)
                      ^^^^^^^^^^^^^^^^^^^^^^^^^
  File "C:\Users\user\Projects\Django_New_Portal_task_D14_Shashkov\venv\Lib\site-packages\django\templatetags\i18n.py", line 443, in do_translate
    raise TemplateSyntaxError(
django.template.exceptions.TemplateSyntaxError: Unknown argument for 'trans' tag: 'запись'. The only options available are 'noop', 'context' "xxx", and 'as VAR'.
2023-07-03 23:18:15,333 - [ERROR] - "GET /news/create/ HTTP/1.1" 500 208163 - C:\Users\user\Projects\Django_New_Portal_task_D14_Shashkov\venv\Lib\site-packages\django\core\servers\basehttp.py - None 
2023-07-03 23:53:00,450 - [ERROR] - Internal Server Error: / - C:\Users\user\Projects\Django_New_Portal_task_D14_Shashkov\venv\Lib\site-packages\django\utils\log.py - (<class 'django.template.exceptions.TemplateSyntaxError'>, TemplateSyntaxError("Invalid block tag on line 10: 'trans', expected 'endblock'. Did you forget to register or load this tag?"), <traceback object at 0x000001F9FFC680C0>) 
Traceback (most recent call last):
  File "C:\Users\user\Projects\Django_New_Portal_task_D14_Shashkov\venv\Lib\site-packages\django\template\base.py", line 505, in parse
    compile_func = self.tags[command]
                   ~~~~~~~~~^^^^^^^^^
KeyError: 'trans'

During handling of the above exception, another exception occurred:

Traceback (most recent call last):
  File "C:\Users\user\Projects\Django_New_Portal_task_D14_Shashkov\venv\Lib\site-packages\django\core\handlers\exception.py", line 55, in inner
    response = get_response(request)
               ^^^^^^^^^^^^^^^^^^^^^
  File "C:\Users\user\Projects\Django_New_Portal_task_D14_Shashkov\venv\Lib\site-packages\django\core\handlers\base.py", line 197, in _get_response
    response = wrapped_callback(request, *callback_args, **callback_kwargs)
               ^^^^^^^^^^^^^^^^^^^^^^^^^^^^^^^^^^^^^^^^^^^^^^^^^^^^^^^^^^^^
  File "C:\Users\user\Projects\Django_New_Portal_task_D14_Shashkov\project\new_portal\views.py", line 5, in index
    return render(request, 'new_portal/index.html')
           ^^^^^^^^^^^^^^^^^^^^^^^^^^^^^^^^^^^^^^^^
  File "C:\Users\user\Projects\Django_New_Portal_task_D14_Shashkov\venv\Lib\site-packages\django\shortcuts.py", line 24, in render
    content = loader.render_to_string(template_name, context, request, using=using)
              ^^^^^^^^^^^^^^^^^^^^^^^^^^^^^^^^^^^^^^^^^^^^^^^^^^^^^^^^^^^^^^^^^^^^^
  File "C:\Users\user\Projects\Django_New_Portal_task_D14_Shashkov\venv\Lib\site-packages\django\template\loader.py", line 61, in render_to_string
    template = get_template(template_name, using=using)
               ^^^^^^^^^^^^^^^^^^^^^^^^^^^^^^^^^^^^^^^^
  File "C:\Users\user\Projects\Django_New_Portal_task_D14_Shashkov\venv\Lib\site-packages\django\template\loader.py", line 15, in get_template
    return engine.get_template(template_name)
           ^^^^^^^^^^^^^^^^^^^^^^^^^^^^^^^^^^
  File "C:\Users\user\Projects\Django_New_Portal_task_D14_Shashkov\venv\Lib\site-packages\django\template\backends\django.py", line 33, in get_template
    return Template(self.engine.get_template(template_name), self)
                    ^^^^^^^^^^^^^^^^^^^^^^^^^^^^^^^^^^^^^^^
  File "C:\Users\user\Projects\Django_New_Portal_task_D14_Shashkov\venv\Lib\site-packages\django\template\engine.py", line 175, in get_template
    template, origin = self.find_template(template_name)
                       ^^^^^^^^^^^^^^^^^^^^^^^^^^^^^^^^^
  File "C:\Users\user\Projects\Django_New_Portal_task_D14_Shashkov\venv\Lib\site-packages\django\template\engine.py", line 157, in find_template
    template = loader.get_template(name, skip=skip)
               ^^^^^^^^^^^^^^^^^^^^^^^^^^^^^^^^^^^^
  File "C:\Users\user\Projects\Django_New_Portal_task_D14_Shashkov\venv\Lib\site-packages\django\template\loaders\cached.py", line 57, in get_template
    template = super().get_template(template_name, skip)
               ^^^^^^^^^^^^^^^^^^^^^^^^^^^^^^^^^^^^^^^^^
  File "C:\Users\user\Projects\Django_New_Portal_task_D14_Shashkov\venv\Lib\site-packages\django\template\loaders\base.py", line 28, in get_template
    return Template(
           ^^^^^^^^^
  File "C:\Users\user\Projects\Django_New_Portal_task_D14_Shashkov\venv\Lib\site-packages\django\template\base.py", line 154, in __init__
    self.nodelist = self.compile_nodelist()
                    ^^^^^^^^^^^^^^^^^^^^^^^
  File "C:\Users\user\Projects\Django_New_Portal_task_D14_Shashkov\venv\Lib\site-packages\django\template\base.py", line 200, in compile_nodelist
    return parser.parse()
           ^^^^^^^^^^^^^^
  File "C:\Users\user\Projects\Django_New_Portal_task_D14_Shashkov\venv\Lib\site-packages\django\template\base.py", line 513, in parse
    raise self.error(token, e)
  File "C:\Users\user\Projects\Django_New_Portal_task_D14_Shashkov\venv\Lib\site-packages\django\template\base.py", line 511, in parse
    compiled_result = compile_func(self, token)
                      ^^^^^^^^^^^^^^^^^^^^^^^^^
  File "C:\Users\user\Projects\Django_New_Portal_task_D14_Shashkov\venv\Lib\site-packages\django\template\loader_tags.py", line 293, in do_extends
    nodelist = parser.parse()
               ^^^^^^^^^^^^^^
  File "C:\Users\user\Projects\Django_New_Portal_task_D14_Shashkov\venv\Lib\site-packages\django\template\base.py", line 513, in parse
    raise self.error(token, e)
  File "C:\Users\user\Projects\Django_New_Portal_task_D14_Shashkov\venv\Lib\site-packages\django\template\base.py", line 511, in parse
    compiled_result = compile_func(self, token)
                      ^^^^^^^^^^^^^^^^^^^^^^^^^
  File "C:\Users\user\Projects\Django_New_Portal_task_D14_Shashkov\venv\Lib\site-packages\django\template\loader_tags.py", line 232, in do_block
    nodelist = parser.parse(("endblock",))
               ^^^^^^^^^^^^^^^^^^^^^^^^^^^
  File "C:\Users\user\Projects\Django_New_Portal_task_D14_Shashkov\venv\Lib\site-packages\django\template\base.py", line 507, in parse
    self.invalid_block_tag(token, command, parse_until)
  File "C:\Users\user\Projects\Django_New_Portal_task_D14_Shashkov\venv\Lib\site-packages\django\template\base.py", line 558, in invalid_block_tag
    raise self.error(
django.template.exceptions.TemplateSyntaxError: Invalid block tag on line 10: 'trans', expected 'endblock'. Did you forget to register or load this tag?
2023-07-03 23:53:00,456 - [ERROR] - "GET / HTTP/1.1" 500 173883 - C:\Users\user\Projects\Django_New_Portal_task_D14_Shashkov\venv\Lib\site-packages\django\core\servers\basehttp.py - None 
2023-07-03 23:53:54,809 - [ERROR] - Internal Server Error: / - C:\Users\user\Projects\Django_New_Portal_task_D14_Shashkov\venv\Lib\site-packages\django\utils\log.py - (<class 'django.template.exceptions.TemplateSyntaxError'>, TemplateSyntaxError("Invalid block tag on line 10: 'trans', expected 'endblock'. Did you forget to register or load this tag?"), <traceback object at 0x000001F9FF10A2C0>) 
Traceback (most recent call last):
  File "C:\Users\user\Projects\Django_New_Portal_task_D14_Shashkov\venv\Lib\site-packages\django\template\base.py", line 505, in parse
    compile_func = self.tags[command]
                   ~~~~~~~~~^^^^^^^^^
KeyError: 'trans'

During handling of the above exception, another exception occurred:

Traceback (most recent call last):
  File "C:\Users\user\Projects\Django_New_Portal_task_D14_Shashkov\venv\Lib\site-packages\django\core\handlers\exception.py", line 55, in inner
    response = get_response(request)
               ^^^^^^^^^^^^^^^^^^^^^
  File "C:\Users\user\Projects\Django_New_Portal_task_D14_Shashkov\venv\Lib\site-packages\django\core\handlers\base.py", line 197, in _get_response
    response = wrapped_callback(request, *callback_args, **callback_kwargs)
               ^^^^^^^^^^^^^^^^^^^^^^^^^^^^^^^^^^^^^^^^^^^^^^^^^^^^^^^^^^^^
  File "C:\Users\user\Projects\Django_New_Portal_task_D14_Shashkov\project\new_portal\views.py", line 5, in index
    return render(request, 'new_portal/index.html')
           ^^^^^^^^^^^^^^^^^^^^^^^^^^^^^^^^^^^^^^^^
  File "C:\Users\user\Projects\Django_New_Portal_task_D14_Shashkov\venv\Lib\site-packages\django\shortcuts.py", line 24, in render
    content = loader.render_to_string(template_name, context, request, using=using)
              ^^^^^^^^^^^^^^^^^^^^^^^^^^^^^^^^^^^^^^^^^^^^^^^^^^^^^^^^^^^^^^^^^^^^^
  File "C:\Users\user\Projects\Django_New_Portal_task_D14_Shashkov\venv\Lib\site-packages\django\template\loader.py", line 61, in render_to_string
    template = get_template(template_name, using=using)
               ^^^^^^^^^^^^^^^^^^^^^^^^^^^^^^^^^^^^^^^^
  File "C:\Users\user\Projects\Django_New_Portal_task_D14_Shashkov\venv\Lib\site-packages\django\template\loader.py", line 15, in get_template
    return engine.get_template(template_name)
           ^^^^^^^^^^^^^^^^^^^^^^^^^^^^^^^^^^
  File "C:\Users\user\Projects\Django_New_Portal_task_D14_Shashkov\venv\Lib\site-packages\django\template\backends\django.py", line 33, in get_template
    return Template(self.engine.get_template(template_name), self)
                    ^^^^^^^^^^^^^^^^^^^^^^^^^^^^^^^^^^^^^^^
  File "C:\Users\user\Projects\Django_New_Portal_task_D14_Shashkov\venv\Lib\site-packages\django\template\engine.py", line 175, in get_template
    template, origin = self.find_template(template_name)
                       ^^^^^^^^^^^^^^^^^^^^^^^^^^^^^^^^^
  File "C:\Users\user\Projects\Django_New_Portal_task_D14_Shashkov\venv\Lib\site-packages\django\template\engine.py", line 157, in find_template
    template = loader.get_template(name, skip=skip)
               ^^^^^^^^^^^^^^^^^^^^^^^^^^^^^^^^^^^^
  File "C:\Users\user\Projects\Django_New_Portal_task_D14_Shashkov\venv\Lib\site-packages\django\template\loaders\cached.py", line 57, in get_template
    template = super().get_template(template_name, skip)
               ^^^^^^^^^^^^^^^^^^^^^^^^^^^^^^^^^^^^^^^^^
  File "C:\Users\user\Projects\Django_New_Portal_task_D14_Shashkov\venv\Lib\site-packages\django\template\loaders\base.py", line 28, in get_template
    return Template(
           ^^^^^^^^^
  File "C:\Users\user\Projects\Django_New_Portal_task_D14_Shashkov\venv\Lib\site-packages\django\template\base.py", line 154, in __init__
    self.nodelist = self.compile_nodelist()
                    ^^^^^^^^^^^^^^^^^^^^^^^
  File "C:\Users\user\Projects\Django_New_Portal_task_D14_Shashkov\venv\Lib\site-packages\django\template\base.py", line 200, in compile_nodelist
    return parser.parse()
           ^^^^^^^^^^^^^^
  File "C:\Users\user\Projects\Django_New_Portal_task_D14_Shashkov\venv\Lib\site-packages\django\template\base.py", line 513, in parse
    raise self.error(token, e)
  File "C:\Users\user\Projects\Django_New_Portal_task_D14_Shashkov\venv\Lib\site-packages\django\template\base.py", line 511, in parse
    compiled_result = compile_func(self, token)
                      ^^^^^^^^^^^^^^^^^^^^^^^^^
  File "C:\Users\user\Projects\Django_New_Portal_task_D14_Shashkov\venv\Lib\site-packages\django\template\loader_tags.py", line 293, in do_extends
    nodelist = parser.parse()
               ^^^^^^^^^^^^^^
  File "C:\Users\user\Projects\Django_New_Portal_task_D14_Shashkov\venv\Lib\site-packages\django\template\base.py", line 513, in parse
    raise self.error(token, e)
  File "C:\Users\user\Projects\Django_New_Portal_task_D14_Shashkov\venv\Lib\site-packages\django\template\base.py", line 511, in parse
    compiled_result = compile_func(self, token)
                      ^^^^^^^^^^^^^^^^^^^^^^^^^
  File "C:\Users\user\Projects\Django_New_Portal_task_D14_Shashkov\venv\Lib\site-packages\django\template\loader_tags.py", line 232, in do_block
    nodelist = parser.parse(("endblock",))
               ^^^^^^^^^^^^^^^^^^^^^^^^^^^
  File "C:\Users\user\Projects\Django_New_Portal_task_D14_Shashkov\venv\Lib\site-packages\django\template\base.py", line 507, in parse
    self.invalid_block_tag(token, command, parse_until)
  File "C:\Users\user\Projects\Django_New_Portal_task_D14_Shashkov\venv\Lib\site-packages\django\template\base.py", line 558, in invalid_block_tag
    raise self.error(
django.template.exceptions.TemplateSyntaxError: Invalid block tag on line 10: 'trans', expected 'endblock'. Did you forget to register or load this tag?
2023-07-03 23:53:54,813 - [ERROR] - "GET / HTTP/1.1" 500 173884 - C:\Users\user\Projects\Django_New_Portal_task_D14_Shashkov\venv\Lib\site-packages\django\core\servers\basehttp.py - None 
2023-07-04 00:29:26,571 - [ERROR] - Internal Server Error: /subscriptions/ - C:\Users\user\Projects\Django_New_Portal_task_D14_Shashkov\venv\Lib\site-packages\django\utils\log.py - (<class 'django.template.exceptions.TemplateSyntaxError'>, TemplateSyntaxError("Invalid block tag on line 4: 'trans', expected 'endblock'. Did you forget to register or load this tag?"), <traceback object at 0x000001F9FFD27A00>) 
Traceback (most recent call last):
  File "C:\Users\user\Projects\Django_New_Portal_task_D14_Shashkov\venv\Lib\site-packages\django\template\base.py", line 505, in parse
    compile_func = self.tags[command]
                   ~~~~~~~~~^^^^^^^^^
KeyError: 'trans'

During handling of the above exception, another exception occurred:

Traceback (most recent call last):
  File "C:\Users\user\Projects\Django_New_Portal_task_D14_Shashkov\venv\Lib\site-packages\django\core\handlers\exception.py", line 55, in inner
    response = get_response(request)
               ^^^^^^^^^^^^^^^^^^^^^
  File "C:\Users\user\Projects\Django_New_Portal_task_D14_Shashkov\venv\Lib\site-packages\django\core\handlers\base.py", line 197, in _get_response
    response = wrapped_callback(request, *callback_args, **callback_kwargs)
               ^^^^^^^^^^^^^^^^^^^^^^^^^^^^^^^^^^^^^^^^^^^^^^^^^^^^^^^^^^^^
  File "C:\Users\user\Projects\Django_New_Portal_task_D14_Shashkov\venv\Lib\site-packages\django\contrib\auth\decorators.py", line 23, in _wrapper_view
    return view_func(request, *args, **kwargs)
           ^^^^^^^^^^^^^^^^^^^^^^^^^^^^^^^^^^^
  File "C:\Users\user\Projects\Django_New_Portal_task_D14_Shashkov\venv\Lib\site-packages\django\utils\decorators.py", line 134, in _wrapper_view
    response = view_func(request, *args, **kwargs)
               ^^^^^^^^^^^^^^^^^^^^^^^^^^^^^^^^^^^
  File "C:\Users\user\Projects\Django_New_Portal_task_D14_Shashkov\project\news\views.py", line 108, in subscriptions
    return render(request, 'subscriptions.html', {'categories': categories_with_subscriptions},)
           ^^^^^^^^^^^^^^^^^^^^^^^^^^^^^^^^^^^^^^^^^^^^^^^^^^^^^^^^^^^^^^^^^^^^^^^^^^^^^^^^^^^^^
  File "C:\Users\user\Projects\Django_New_Portal_task_D14_Shashkov\venv\Lib\site-packages\django\shortcuts.py", line 24, in render
    content = loader.render_to_string(template_name, context, request, using=using)
              ^^^^^^^^^^^^^^^^^^^^^^^^^^^^^^^^^^^^^^^^^^^^^^^^^^^^^^^^^^^^^^^^^^^^^
  File "C:\Users\user\Projects\Django_New_Portal_task_D14_Shashkov\venv\Lib\site-packages\django\template\loader.py", line 61, in render_to_string
    template = get_template(template_name, using=using)
               ^^^^^^^^^^^^^^^^^^^^^^^^^^^^^^^^^^^^^^^^
  File "C:\Users\user\Projects\Django_New_Portal_task_D14_Shashkov\venv\Lib\site-packages\django\template\loader.py", line 15, in get_template
    return engine.get_template(template_name)
           ^^^^^^^^^^^^^^^^^^^^^^^^^^^^^^^^^^
  File "C:\Users\user\Projects\Django_New_Portal_task_D14_Shashkov\venv\Lib\site-packages\django\template\backends\django.py", line 33, in get_template
    return Template(self.engine.get_template(template_name), self)
                    ^^^^^^^^^^^^^^^^^^^^^^^^^^^^^^^^^^^^^^^
  File "C:\Users\user\Projects\Django_New_Portal_task_D14_Shashkov\venv\Lib\site-packages\django\template\engine.py", line 175, in get_template
    template, origin = self.find_template(template_name)
                       ^^^^^^^^^^^^^^^^^^^^^^^^^^^^^^^^^
  File "C:\Users\user\Projects\Django_New_Portal_task_D14_Shashkov\venv\Lib\site-packages\django\template\engine.py", line 157, in find_template
    template = loader.get_template(name, skip=skip)
               ^^^^^^^^^^^^^^^^^^^^^^^^^^^^^^^^^^^^
  File "C:\Users\user\Projects\Django_New_Portal_task_D14_Shashkov\venv\Lib\site-packages\django\template\loaders\cached.py", line 57, in get_template
    template = super().get_template(template_name, skip)
               ^^^^^^^^^^^^^^^^^^^^^^^^^^^^^^^^^^^^^^^^^
  File "C:\Users\user\Projects\Django_New_Portal_task_D14_Shashkov\venv\Lib\site-packages\django\template\loaders\base.py", line 28, in get_template
    return Template(
           ^^^^^^^^^
  File "C:\Users\user\Projects\Django_New_Portal_task_D14_Shashkov\venv\Lib\site-packages\django\template\base.py", line 154, in __init__
    self.nodelist = self.compile_nodelist()
                    ^^^^^^^^^^^^^^^^^^^^^^^
  File "C:\Users\user\Projects\Django_New_Portal_task_D14_Shashkov\venv\Lib\site-packages\django\template\base.py", line 200, in compile_nodelist
    return parser.parse()
           ^^^^^^^^^^^^^^
  File "C:\Users\user\Projects\Django_New_Portal_task_D14_Shashkov\venv\Lib\site-packages\django\template\base.py", line 513, in parse
    raise self.error(token, e)
  File "C:\Users\user\Projects\Django_New_Portal_task_D14_Shashkov\venv\Lib\site-packages\django\template\base.py", line 511, in parse
    compiled_result = compile_func(self, token)
                      ^^^^^^^^^^^^^^^^^^^^^^^^^
  File "C:\Users\user\Projects\Django_New_Portal_task_D14_Shashkov\venv\Lib\site-packages\django\template\loader_tags.py", line 293, in do_extends
    nodelist = parser.parse()
               ^^^^^^^^^^^^^^
  File "C:\Users\user\Projects\Django_New_Portal_task_D14_Shashkov\venv\Lib\site-packages\django\template\base.py", line 513, in parse
    raise self.error(token, e)
  File "C:\Users\user\Projects\Django_New_Portal_task_D14_Shashkov\venv\Lib\site-packages\django\template\base.py", line 511, in parse
    compiled_result = compile_func(self, token)
                      ^^^^^^^^^^^^^^^^^^^^^^^^^
  File "C:\Users\user\Projects\Django_New_Portal_task_D14_Shashkov\venv\Lib\site-packages\django\template\loader_tags.py", line 232, in do_block
    nodelist = parser.parse(("endblock",))
               ^^^^^^^^^^^^^^^^^^^^^^^^^^^
  File "C:\Users\user\Projects\Django_New_Portal_task_D14_Shashkov\venv\Lib\site-packages\django\template\base.py", line 507, in parse
    self.invalid_block_tag(token, command, parse_until)
  File "C:\Users\user\Projects\Django_New_Portal_task_D14_Shashkov\venv\Lib\site-packages\django\template\base.py", line 558, in invalid_block_tag
    raise self.error(
django.template.exceptions.TemplateSyntaxError: Invalid block tag on line 4: 'trans', expected 'endblock'. Did you forget to register or load this tag?
2023-07-04 00:29:26,576 - [ERROR] - "GET /subscriptions/ HTTP/1.1" 500 198320 - C:\Users\user\Projects\Django_New_Portal_task_D14_Shashkov\venv\Lib\site-packages\django\core\servers\basehttp.py - None 
2023-07-04 00:31:08,692 - [ERROR] - Internal Server Error: /subscriptions/ - C:\Users\user\Projects\Django_New_Portal_task_D14_Shashkov\venv\Lib\site-packages\django\utils\log.py - (<class 'django.template.exceptions.TemplateSyntaxError'>, TemplateSyntaxError("Invalid block tag on line 4: 'trans', expected 'endblock'. Did you forget to register or load this tag?"), <traceback object at 0x000001F98153F600>) 
Traceback (most recent call last):
  File "C:\Users\user\Projects\Django_New_Portal_task_D14_Shashkov\venv\Lib\site-packages\django\template\base.py", line 505, in parse
    compile_func = self.tags[command]
                   ~~~~~~~~~^^^^^^^^^
KeyError: 'trans'

During handling of the above exception, another exception occurred:

Traceback (most recent call last):
  File "C:\Users\user\Projects\Django_New_Portal_task_D14_Shashkov\venv\Lib\site-packages\django\core\handlers\exception.py", line 55, in inner
    response = get_response(request)
               ^^^^^^^^^^^^^^^^^^^^^
  File "C:\Users\user\Projects\Django_New_Portal_task_D14_Shashkov\venv\Lib\site-packages\django\core\handlers\base.py", line 197, in _get_response
    response = wrapped_callback(request, *callback_args, **callback_kwargs)
               ^^^^^^^^^^^^^^^^^^^^^^^^^^^^^^^^^^^^^^^^^^^^^^^^^^^^^^^^^^^^
  File "C:\Users\user\Projects\Django_New_Portal_task_D14_Shashkov\venv\Lib\site-packages\django\contrib\auth\decorators.py", line 23, in _wrapper_view
    return view_func(request, *args, **kwargs)
           ^^^^^^^^^^^^^^^^^^^^^^^^^^^^^^^^^^^
  File "C:\Users\user\Projects\Django_New_Portal_task_D14_Shashkov\venv\Lib\site-packages\django\utils\decorators.py", line 134, in _wrapper_view
    response = view_func(request, *args, **kwargs)
               ^^^^^^^^^^^^^^^^^^^^^^^^^^^^^^^^^^^
  File "C:\Users\user\Projects\Django_New_Portal_task_D14_Shashkov\project\news\views.py", line 108, in subscriptions
    return render(request, 'subscriptions.html', {'categories': categories_with_subscriptions},)
           ^^^^^^^^^^^^^^^^^^^^^^^^^^^^^^^^^^^^^^^^^^^^^^^^^^^^^^^^^^^^^^^^^^^^^^^^^^^^^^^^^^^^^
  File "C:\Users\user\Projects\Django_New_Portal_task_D14_Shashkov\venv\Lib\site-packages\django\shortcuts.py", line 24, in render
    content = loader.render_to_string(template_name, context, request, using=using)
              ^^^^^^^^^^^^^^^^^^^^^^^^^^^^^^^^^^^^^^^^^^^^^^^^^^^^^^^^^^^^^^^^^^^^^
  File "C:\Users\user\Projects\Django_New_Portal_task_D14_Shashkov\venv\Lib\site-packages\django\template\loader.py", line 61, in render_to_string
    template = get_template(template_name, using=using)
               ^^^^^^^^^^^^^^^^^^^^^^^^^^^^^^^^^^^^^^^^
  File "C:\Users\user\Projects\Django_New_Portal_task_D14_Shashkov\venv\Lib\site-packages\django\template\loader.py", line 15, in get_template
    return engine.get_template(template_name)
           ^^^^^^^^^^^^^^^^^^^^^^^^^^^^^^^^^^
  File "C:\Users\user\Projects\Django_New_Portal_task_D14_Shashkov\venv\Lib\site-packages\django\template\backends\django.py", line 33, in get_template
    return Template(self.engine.get_template(template_name), self)
                    ^^^^^^^^^^^^^^^^^^^^^^^^^^^^^^^^^^^^^^^
  File "C:\Users\user\Projects\Django_New_Portal_task_D14_Shashkov\venv\Lib\site-packages\django\template\engine.py", line 175, in get_template
    template, origin = self.find_template(template_name)
                       ^^^^^^^^^^^^^^^^^^^^^^^^^^^^^^^^^
  File "C:\Users\user\Projects\Django_New_Portal_task_D14_Shashkov\venv\Lib\site-packages\django\template\engine.py", line 157, in find_template
    template = loader.get_template(name, skip=skip)
               ^^^^^^^^^^^^^^^^^^^^^^^^^^^^^^^^^^^^
  File "C:\Users\user\Projects\Django_New_Portal_task_D14_Shashkov\venv\Lib\site-packages\django\template\loaders\cached.py", line 57, in get_template
    template = super().get_template(template_name, skip)
               ^^^^^^^^^^^^^^^^^^^^^^^^^^^^^^^^^^^^^^^^^
  File "C:\Users\user\Projects\Django_New_Portal_task_D14_Shashkov\venv\Lib\site-packages\django\template\loaders\base.py", line 28, in get_template
    return Template(
           ^^^^^^^^^
  File "C:\Users\user\Projects\Django_New_Portal_task_D14_Shashkov\venv\Lib\site-packages\django\template\base.py", line 154, in __init__
    self.nodelist = self.compile_nodelist()
                    ^^^^^^^^^^^^^^^^^^^^^^^
  File "C:\Users\user\Projects\Django_New_Portal_task_D14_Shashkov\venv\Lib\site-packages\django\template\base.py", line 200, in compile_nodelist
    return parser.parse()
           ^^^^^^^^^^^^^^
  File "C:\Users\user\Projects\Django_New_Portal_task_D14_Shashkov\venv\Lib\site-packages\django\template\base.py", line 513, in parse
    raise self.error(token, e)
  File "C:\Users\user\Projects\Django_New_Portal_task_D14_Shashkov\venv\Lib\site-packages\django\template\base.py", line 511, in parse
    compiled_result = compile_func(self, token)
                      ^^^^^^^^^^^^^^^^^^^^^^^^^
  File "C:\Users\user\Projects\Django_New_Portal_task_D14_Shashkov\venv\Lib\site-packages\django\template\loader_tags.py", line 293, in do_extends
    nodelist = parser.parse()
               ^^^^^^^^^^^^^^
  File "C:\Users\user\Projects\Django_New_Portal_task_D14_Shashkov\venv\Lib\site-packages\django\template\base.py", line 513, in parse
    raise self.error(token, e)
  File "C:\Users\user\Projects\Django_New_Portal_task_D14_Shashkov\venv\Lib\site-packages\django\template\base.py", line 511, in parse
    compiled_result = compile_func(self, token)
                      ^^^^^^^^^^^^^^^^^^^^^^^^^
  File "C:\Users\user\Projects\Django_New_Portal_task_D14_Shashkov\venv\Lib\site-packages\django\template\loader_tags.py", line 232, in do_block
    nodelist = parser.parse(("endblock",))
               ^^^^^^^^^^^^^^^^^^^^^^^^^^^
  File "C:\Users\user\Projects\Django_New_Portal_task_D14_Shashkov\venv\Lib\site-packages\django\template\base.py", line 507, in parse
    self.invalid_block_tag(token, command, parse_until)
  File "C:\Users\user\Projects\Django_New_Portal_task_D14_Shashkov\venv\Lib\site-packages\django\template\base.py", line 558, in invalid_block_tag
    raise self.error(
django.template.exceptions.TemplateSyntaxError: Invalid block tag on line 4: 'trans', expected 'endblock'. Did you forget to register or load this tag?
2023-07-04 00:31:08,696 - [ERROR] - "GET /subscriptions/ HTTP/1.1" 500 198313 - C:\Users\user\Projects\Django_New_Portal_task_D14_Shashkov\venv\Lib\site-packages\django\core\servers\basehttp.py - None 
